#
# A fatal error has been detected by the Java Runtime Environment:
#
#  EXCEPTION_ACCESS_VIOLATION (0xc0000005) at pc=0x000002590d40c364, pid=3236, tid=17188
#
# JRE version: OpenJDK Runtime Environment (11.0.11+9) (build 11.0.11+9-b60-7590822)
# Java VM: OpenJDK 64-Bit Server VM (11.0.11+9-b60-7590822, mixed mode, tiered, compressed oops, g1 gc, windows-amd64)
# Problematic frame:
# J 982 c1 java.net.URLClassLoader.isSealed(Ljava/lang/String;Ljava/util/jar/Manifest;)Z java.base@11.0.11 (70 bytes) @ 0x000002590d40c364 [0x000002590d40c0a0+0x00000000000002c4]
#
# No core dump will be written. Minidumps are not enabled by default on client versions of Windows
#
# If you would like to submit a bug report, please visit:
#   https://bugreport.java.com/bugreport/crash.jsp
#

---------------  S U M M A R Y ------------

Command Line: --add-opens=java.base/java.util=ALL-UNNAMED --add-opens=java.base/java.lang=ALL-UNNAMED --add-opens=java.base/java.lang.invoke=ALL-UNNAMED --add-opens=java.base/java.util=ALL-UNNAMED --add-opens=java.prefs/java.util.prefs=ALL-UNNAMED --add-opens=java.prefs/java.util.prefs=ALL-UNNAMED --add-opens=java.base/java.nio.charset=ALL-UNNAMED --add-opens=java.base/java.net=ALL-UNNAMED --add-opens=java.base/java.util.concurrent.atomic=ALL-UNNAMED -Xmx1536m -Dfile.encoding=UTF-8 -Duser.country=CN -Duser.language=zh -Duser.variant org.gradle.launcher.daemon.bootstrap.GradleDaemon 7.0.2

Host: 11th Gen Intel(R) Core(TM) i5-11600KF @ 3.90GHz, 12 cores, 15G,  Windows 10 , 64 bit Build 19041 (10.0.19041.1645)
Time: Wed Apr 27 21:30:22 2022 中国标准时间 elapsed time: 2.699724 seconds (0d 0h 0m 2s)

---------------  T H R E A D  ---------------

Current thread (0x0000025925dd4000):  JavaThread "Daemon worker" [_thread_in_Java, id=17188, stack(0x000000cee8c00000,0x000000cee8d00000)]

Stack: [0x000000cee8c00000,0x000000cee8d00000],  sp=0x000000cee8cf41f0,  free space=976k
Native frames: (J=compiled Java code, j=interpreted, Vv=VM code, C=native code)
C  0x000002590d40c364


siginfo: EXCEPTION_ACCESS_VIOLATION (0xc0000005), reading address 0xffffffffffffffff


Register to memory mapping:

RIP=0x000002590d40c364 is at entry_point+708 in (nmethod*)0x000002590d40be10
RAX=0x0 is NULL
RBX=
[error occurred during error reporting (printing register info), id 0xc0000005, EXCEPTION_ACCESS_VIOLATION (0xc0000005) at pc=0x00007ffe248aabc7]

Registers:
RAX=0x0000000000000000, RBX=0x00000000b81e8b2b, RCX=0x0000000000000008, RDX=0x40000000000001f8
RSP=0x000000cee8cf41f0, RBP=0x000000cee8cf47c0, RSI=0x0000000000000000, RDI=0x0000000000000f2c
R8 =0x0000025925329420, R9 =0x00000000a832445d, R10=0x0000025907321000, R11=0x000000000000000f
R12=0x0000000000000000, R13=0x000000000000006c, R14=0x000000000000000f, R15=0x0000025925dd4000
RIP=0x000002590d40c364, EFLAGS=0x0000000000010246

Top of Stack: (sp=0x000000cee8cf41f0)
0x000000cee8cf41f0:   0000000000000002 0000000000000000
0x000000cee8cf4200:   000000cee8cf47c0 000002590d412164
0x000000cee8cf4210:   00000000a0c6ea70 0000025914794c88
0x000000cee8cf4220:   0000000000000000 00000000ab5ed5f8
0x000000cee8cf4230:   00000000a095dfb0 00000000a095dec8
0x000000cee8cf4240:   00000000ab5eefd0 a0908a98134d0e70
0x000000cee8cf4250:   00000000ab5eefd0 00000000a08fe028
0x000000cee8cf4260:   00000000a0ed5800 00000000a09ce090
0x000000cee8cf4270:   000000cee8cf47c0 000002590d395af4
0x000000cee8cf4280:   0000000000000011 0000000000000009
0x000000cee8cf4290:   0000000000000011 00007ffe24b94a05
0x000000cee8cf42a0:   0000000000000002 00000000a08fdeb0
0x000000cee8cf42b0:   0000025908daa260 0000025908d86ab0
0x000000cee8cf42c0:   00000000a08fdeb0 00007ffe24c92c76
0x000000cee8cf42d0:   0000000000000000 00000000ab5eec38
0x000000cee8cf42e0:   000000cee8cf47c0 000002590d413334 

Instructions: (pc=0x000002590d40c364)
0x000002590d40c264:   20 94 32 25 59 02 00 00 48 83 82 88 01 00 00 01
0x000002590d40c274:   49 b8 18 86 96 a0 00 00 00 00 48 8b d0 66 0f 1f
0x000002590d40c284:   44 00 00 e8 d4 14 42 07 48 8b 74 24 70 48 83 fe
0x000002590d40c294:   00 0f 84 20 00 00 00 48 bb e8 c7 05 00 01 00 00
0x000002590d40c2a4:   00 8b 7e 08 48 c1 e7 03 48 3b 5f 38 0f 85 51 06
0x000002590d40c2b4:   00 00 e9 00 00 00 00 4c 8b c6 48 3b 06 49 b8 20
0x000002590d40c2c4:   94 32 25 59 02 00 00 49 83 80 d8 01 00 00 01 49
0x000002590d40c2d4:   b8 a8 ac 3b 25 59 02 00 00 41 8b 90 04 01 00 00
0x000002590d40c2e4:   83 c2 08 41 89 90 04 01 00 00 81 e2 f8 ff 7f 00
0x000002590d40c2f4:   83 fa 00 0f 84 14 06 00 00 4c 8b 4c 24 68 49 3b
0x000002590d40c304:   01 4d 8b c1 48 ba a8 ac 3b 25 59 02 00 00 49 ba
0x000002590d40c314:   70 01 01 00 01 00 00 00 4c 89 92 50 01 00 00 48
0x000002590d40c324:   83 82 58 01 00 00 01 4c 8b c0 49 8b d1 66 0f 1f
0x000002590d40c334:   44 00 00 e8 a4 b5 0a 00 48 83 f8 00 49 b8 20 94
0x000002590d40c344:   32 25 59 02 00 00 48 ba 08 02 00 00 00 00 00 00
0x000002590d40c354:   0f 85 0a 00 00 00 48 ba f8 01 00 00 00 00 00 00
0x000002590d40c364:   49 8b 34 10 48 8d 76 01 49 89 34 10 0f 85 0f 00
0x000002590d40c374:   00 00 48 be 00 00 00 00 00 00 00 00 e9 29 02 00
0x000002590d40c384:   00 48 3b 00 4c 8b c0 48 ba 20 94 32 25 59 02 00
0x000002590d40c394:   00 49 ba d0 70 07 00 01 00 00 00 4c 89 92 28 02
0x000002590d40c3a4:   00 00 48 83 82 30 02 00 00 01 49 b8 70 6e 49 23
0x000002590d40c3b4:   59 02 00 00 41 8b 90 04 01 00 00 83 c2 08 41 89
0x000002590d40c3c4:   90 04 01 00 00 81 e2 f8 ff 7f 00 83 fa 00 0f 84
0x000002590d40c3d4:   64 05 00 00 4c 8b c0 48 ba 70 6e 49 23 59 02 00
0x000002590d40c3e4:   00 48 83 82 58 01 00 00 01 49 b8 68 70 49 23 59
0x000002590d40c3f4:   02 00 00 41 8b 90 04 01 00 00 83 c2 08 41 89 90
0x000002590d40c404:   04 01 00 00 81 e2 f8 ff 7f 00 83 fa 00 0f 84 46
0x000002590d40c414:   05 00 00 8b 50 0c 48 3b 02 4c 8b c2 48 be 68 70
0x000002590d40c424:   49 23 59 02 00 00 45 8b 40 08 49 c1 e0 03 4c 3b
0x000002590d40c434:   86 50 01 00 00 75 0d 48 83 86 58 01 00 00 01 e9
0x000002590d40c444:   66 00 00 00 4c 3b 86 60 01 00 00 75 0d 48 83 86
0x000002590d40c454:   68 01 00 00 01 e9 50 00 00 00 48 81 be 50 01 00 


Stack slot to memory mapping:
stack at sp + 0 slots: 0x0000000000000002 is an unknown value
stack at sp + 1 slots: 0x0 is NULL
stack at sp + 2 slots: 0x000000cee8cf47c0 is pointing into the stack for thread: 0x0000025925dd4000
stack at sp + 3 slots: 0x000002590d412164 is at entry_point+324 in (nmethod*)0x000002590d411d90
stack at sp + 4 slots: 0x00000000a0c6ea70 is an oop: jdk.internal.loader.URLClassPath$JarLoader 
{0x00000000a0c6ea70} - klass: 'jdk/internal/loader/URLClassPath$JarLoader'
stack at sp + 5 slots: 0x0000025914794c88 is at entry_point+616 in (nmethod*)0x0000025914794810
stack at sp + 6 slots: 0x0 is NULL
stack at sp + 7 slots: 0x00000000ab5ed5f8 is an oop: java.util.HashSet 
{0x00000000ab5ed5f8} - klass: 'java/util/HashSet'



---------------  P R O C E S S  ---------------

Threads class SMR info:
_java_thread_list=0x0000025929007390, length=43, elements={
0x0000025908d8b000, 0x00000259236f7000, 0x00000259236f8800, 0x0000025923769000,
0x000002592376c000, 0x000002592376d000, 0x0000025923778800, 0x000002592377f000,
0x0000025923784800, 0x0000025923908000, 0x0000025925dd5800, 0x0000025925dd6800,
0x0000025925dd3000, 0x0000025925dd7000, 0x0000025925dd8000, 0x0000025925dd2000,
0x0000025925dd4000, 0x00000259250d8000, 0x0000025925dd8800, 0x0000025925dd4800,
0x0000025925df2000, 0x0000025925df7000, 0x0000025925df8000, 0x0000025925df6800,
0x0000025925df4000, 0x0000025925df4800, 0x0000025925df3000, 0x0000025925df9800,
0x0000025925df9000, 0x0000025925dfa800, 0x0000025925dfb000, 0x0000025925df5800,
0x0000025925dff800, 0x0000025925c64800, 0x0000025925dfc000, 0x0000025925dfe800,
0x0000025925dfd000, 0x0000025925dfd800, 0x0000025925e01000, 0x00000259264fd000,
0x00000259264f8000, 0x00000259264f8800, 0x00000259264ff800
}

Java Threads: ( => current thread )
  0x0000025908d8b000 JavaThread "main" [_thread_blocked, id=14608, stack(0x000000cee7000000,0x000000cee7100000)]
  0x00000259236f7000 JavaThread "Reference Handler" daemon [_thread_blocked, id=5592, stack(0x000000cee7700000,0x000000cee7800000)]
  0x00000259236f8800 JavaThread "Finalizer" daemon [_thread_blocked, id=9532, stack(0x000000cee7800000,0x000000cee7900000)]
  0x0000025923769000 JavaThread "Signal Dispatcher" daemon [_thread_blocked, id=4112, stack(0x000000cee7900000,0x000000cee7a00000)]
  0x000002592376c000 JavaThread "Attach Listener" daemon [_thread_blocked, id=3748, stack(0x000000cee7a00000,0x000000cee7b00000)]
  0x000002592376d000 JavaThread "Service Thread" daemon [_thread_blocked, id=720, stack(0x000000cee7b00000,0x000000cee7c00000)]
  0x0000025923778800 JavaThread "C2 CompilerThread0" daemon [_thread_in_native, id=16588, stack(0x000000cee7c00000,0x000000cee7d00000)]
  0x000002592377f000 JavaThread "C1 CompilerThread0" daemon [_thread_blocked, id=2160, stack(0x000000cee7d00000,0x000000cee7e00000)]
  0x0000025923784800 JavaThread "Sweeper thread" daemon [_thread_blocked, id=4384, stack(0x000000cee7e00000,0x000000cee7f00000)]
  0x0000025923908000 JavaThread "Common-Cleaner" daemon [_thread_blocked, id=16060, stack(0x000000cee7f00000,0x000000cee8000000)]
  0x0000025925dd5800 JavaThread "Daemon health stats" [_thread_blocked, id=576, stack(0x000000cee8800000,0x000000cee8900000)]
  0x0000025925dd6800 JavaThread "Incoming local TCP Connector on port 50806" [_thread_in_native, id=8140, stack(0x000000cee8100000,0x000000cee8200000)]
  0x0000025925dd3000 JavaThread "Daemon periodic checks" [_thread_blocked, id=11880, stack(0x000000cee8700000,0x000000cee8800000)]
  0x0000025925dd7000 JavaThread "Daemon" [_thread_blocked, id=664, stack(0x000000cee8900000,0x000000cee8a00000)]
  0x0000025925dd8000 JavaThread "Handler for socket connection from /127.0.0.1:50806 to /127.0.0.1:50807" [_thread_in_native, id=15924, stack(0x000000cee8a00000,0x000000cee8b00000)]
  0x0000025925dd2000 JavaThread "Cancel handler" [_thread_blocked, id=7092, stack(0x000000cee8b00000,0x000000cee8c00000)]
=>0x0000025925dd4000 JavaThread "Daemon worker" [_thread_in_Java, id=17188, stack(0x000000cee8c00000,0x000000cee8d00000)]
  0x00000259250d8000 JavaThread "C2 CompilerThread1" daemon [_thread_in_native, id=6716, stack(0x000000cee8d00000,0x000000cee8e00000)]
  0x0000025925dd8800 JavaThread "Asynchronous log dispatcher for DefaultDaemonConnection: socket connection from /127.0.0.1:50806 to /127.0.0.1:50807" [_thread_blocked, id=7912, stack(0x000000cee8e00000,0x000000cee8f00000)]
  0x0000025925dd4800 JavaThread "Stdin handler" [_thread_blocked, id=17300, stack(0x000000cee8f00000,0x000000cee9000000)]
  0x0000025925df2000 JavaThread "Daemon client event forwarder" [_thread_blocked, id=16196, stack(0x000000cee9000000,0x000000cee9100000)]
  0x0000025925df7000 JavaThread "Cache worker for file hash cache (C:\Users\likun\.gradle\caches\7.0.2\fileHashes)" [_thread_blocked, id=8952, stack(0x000000cee9100000,0x000000cee9200000)]
  0x0000025925df8000 JavaThread "File lock request listener" [_thread_in_native, id=10452, stack(0x000000cee9200000,0x000000cee9300000)]
  0x0000025925df6800 JavaThread "Cache worker for journal cache (C:\Users\likun\.gradle\caches\journal-1)" [_thread_blocked, id=5828, stack(0x000000cee9900000,0x000000cee9a00000)]
  0x0000025925df4000 JavaThread "Cache worker for file hash cache (D:\likun\github\Framework\.gradle\7.0.2\fileHashes)" [_thread_blocked, id=1684, stack(0x000000cee9a00000,0x000000cee9b00000)]
  0x0000025925df4800 JavaThread "File watcher server" daemon [_thread_in_native, id=17232, stack(0x000000cee9b00000,0x000000cee9c00000)]
  0x0000025925df3000 JavaThread "File watcher consumer" daemon [_thread_blocked, id=5084, stack(0x000000cee9c00000,0x000000cee9d00000)]
  0x0000025925df9800 JavaThread "jar transforms" [_thread_blocked, id=14344, stack(0x000000cee9d00000,0x000000cee9e00000)]
  0x0000025925df9000 JavaThread "jar transforms Thread 2" [_thread_blocked, id=14280, stack(0x000000cee9e00000,0x000000cee9f00000)]
  0x0000025925dfa800 JavaThread "jar transforms Thread 3" [_thread_blocked, id=3724, stack(0x000000cee9f00000,0x000000ceea000000)]
  0x0000025925dfb000 JavaThread "jar transforms Thread 4" [_thread_blocked, id=13124, stack(0x000000ceea000000,0x000000ceea100000)]
  0x0000025925df5800 JavaThread "jar transforms Thread 5" [_thread_blocked, id=3136, stack(0x000000ceea100000,0x000000ceea200000)]
  0x0000025925dff800 JavaThread "jar transforms Thread 6" [_thread_blocked, id=9432, stack(0x000000ceea200000,0x000000ceea300000)]
  0x0000025925c64800 JavaThread "C2 CompilerThread2" daemon [_thread_in_native, id=16812, stack(0x000000ceea300000,0x000000ceea400000)]
  0x0000025925dfc000 JavaThread "Cache worker for checksums cache (D:\likun\github\Framework\.gradle\checksums)" [_thread_blocked, id=15476, stack(0x000000ceea400000,0x000000ceea500000)]
  0x0000025925dfe800 JavaThread "Cache worker for cache directory md-supplier (C:\Users\likun\.gradle\caches\7.0.2\md-supplier)" [_thread_blocked, id=11364, stack(0x000000ceea500000,0x000000ceea600000)]
  0x0000025925dfd000 JavaThread "Cache worker for cache directory md-rule (C:\Users\likun\.gradle\caches\7.0.2\md-rule)" [_thread_blocked, id=8904, stack(0x000000ceea600000,0x000000ceea700000)]
  0x0000025925dfd800 JavaThread "Cache worker for execution history cache (C:\Users\likun\.gradle\caches\7.0.2\executionHistory)" [_thread_blocked, id=8788, stack(0x000000ceea700000,0x000000ceea800000)]
  0x0000025925e01000 JavaThread "jar transforms Thread 7" [_thread_blocked, id=12712, stack(0x000000ceea800000,0x000000ceea900000)]
  0x00000259264fd000 JavaThread "jar transforms Thread 8" [_thread_blocked, id=3556, stack(0x000000ceea900000,0x000000ceeaa00000)]
  0x00000259264f8000 JavaThread "Cache worker for file content cache (C:\Users\likun\.gradle\caches\7.0.2\fileContent)" [_thread_blocked, id=5744, stack(0x000000ceeaa00000,0x000000ceeab00000)]
  0x00000259264f8800 JavaThread "Cache worker for dependencies-accessors (D:\likun\github\Framework\.gradle\7.0.2\dependencies-accessors)" [_thread_blocked, id=5996, stack(0x000000ceeab00000,0x000000ceeac00000)]
  0x00000259264ff800 JavaThread "jar transforms Thread 9" [_thread_blocked, id=10268, stack(0x000000ceeac00000,0x000000ceead00000)]

Other Threads:
  0x00000259236d1800 VMThread "VM Thread" [stack: 0x000000cee7600000,0x000000cee7700000] [id=1512]
  0x000002592393d000 WatcherThread [stack: 0x000000cee8000000,0x000000cee8100000] [id=3804]
  0x0000025908da6800 GCTaskThread "GC Thread#0" [stack: 0x000000cee7100000,0x000000cee7200000] [id=9548]
  0x0000025923fae000 GCTaskThread "GC Thread#1" [stack: 0x000000cee8200000,0x000000cee8300000] [id=14556]
  0x00000259243e8000 GCTaskThread "GC Thread#2" [stack: 0x000000cee8300000,0x000000cee8400000] [id=9516]
  0x000002592432f000 GCTaskThread "GC Thread#3" [stack: 0x000000cee8400000,0x000000cee8500000] [id=9896]
  0x0000025923cbe800 GCTaskThread "GC Thread#4" [stack: 0x000000cee8500000,0x000000cee8600000] [id=14224]
  0x0000025923c78800 GCTaskThread "GC Thread#5" [stack: 0x000000cee8600000,0x000000cee8700000] [id=400]
  0x0000025924504800 GCTaskThread "GC Thread#6" [stack: 0x000000cee9300000,0x000000cee9400000] [id=8252]
  0x000002592614d000 GCTaskThread "GC Thread#7" [stack: 0x000000cee9400000,0x000000cee9500000] [id=8256]
  0x0000025924b71800 GCTaskThread "GC Thread#8" [stack: 0x000000cee9500000,0x000000cee9600000] [id=8216]
  0x0000025924c97000 GCTaskThread "GC Thread#9" [stack: 0x000000cee9600000,0x000000cee9700000] [id=5528]
  0x0000025908dcf000 ConcurrentGCThread "G1 Main Marker" [stack: 0x000000cee7200000,0x000000cee7300000] [id=2784]
  0x0000025908dd0800 ConcurrentGCThread "G1 Conc#0" [stack: 0x000000cee7300000,0x000000cee7400000] [id=17056]
  0x000002592598d800 ConcurrentGCThread "G1 Conc#1" [stack: 0x000000cee9700000,0x000000cee9800000] [id=4472]
  0x0000025925daf000 ConcurrentGCThread "G1 Conc#2" [stack: 0x000000cee9800000,0x000000cee9900000] [id=5288]
  0x0000025908e4e000 ConcurrentGCThread "G1 Refine#0" [stack: 0x000000cee7400000,0x000000cee7500000] [id=672]
  0x0000025922d38800 ConcurrentGCThread "G1 Young RemSet Sampling" [stack: 0x000000cee7500000,0x000000cee7600000] [id=8988]

Threads with active compile tasks:
C2 CompilerThread0   2713 3579       4       org.codehaus.groovy.reflection.CachedMethod::compareToCachedMethod (160 bytes)
C2 CompilerThread1   2713 3522       4       org.codehaus.groovy.runtime.metaclass.MetaMethodIndex::addMethodToList (131 bytes)
C2 CompilerThread2   2713 3520       4       org.codehaus.groovy.reflection.CachedMethod::compareTo (25 bytes)

VM state:not at safepoint (normal execution)

VM Mutex/Monitor currently owned by a thread: None

Heap address: 0x00000000a0000000, size: 1536 MB, Compressed Oops mode: 32-bit
Narrow klass base: 0x0000000000000000, Narrow klass shift: 3
Compressed class space size: 1073741824 Address: 0x0000000100000000

Heap:
 garbage-first heap   total 260096K, used 104437K [0x00000000a0000000, 0x0000000100000000)
  region size 1024K, 79 young (80896K), 6 survivors (6144K)
 Metaspace       used 41882K, capacity 42906K, committed 43136K, reserved 1087488K
  class space    used 5307K, capacity 5683K, committed 5760K, reserved 1048576K
Heap Regions: E=young(eden), S=young(survivor), O=old, HS=humongous(starts), HC=humongous(continues), CS=collection set, F=free, A=archive, TAMS=top-at-mark-start (previous, next)
|   0|0x00000000a0000000, 0x00000000a0100000, 0x00000000a0100000|100%| O|  |TAMS 0x00000000a0100000, 0x00000000a0000000| Untracked 
|   1|0x00000000a0100000, 0x00000000a0200000, 0x00000000a0200000|100%| O|  |TAMS 0x00000000a0200000, 0x00000000a0100000| Untracked 
|   2|0x00000000a0200000, 0x00000000a0300000, 0x00000000a0300000|100%| O|  |TAMS 0x00000000a0300000, 0x00000000a0200000| Untracked 
|   3|0x00000000a0300000, 0x00000000a0400000, 0x00000000a0400000|100%|HS|  |TAMS 0x00000000a0400000, 0x00000000a0300000| Complete 
|   4|0x00000000a0400000, 0x00000000a0500000, 0x00000000a0500000|100%|HC|  |TAMS 0x00000000a0500000, 0x00000000a0400000| Complete 
|   5|0x00000000a0500000, 0x00000000a0600000, 0x00000000a0600000|100%|HC|  |TAMS 0x00000000a0600000, 0x00000000a0500000| Complete 
|   6|0x00000000a0600000, 0x00000000a0700000, 0x00000000a0700000|100%| O|  |TAMS 0x00000000a0700000, 0x00000000a0600000| Untracked 
|   7|0x00000000a0700000, 0x00000000a0800000, 0x00000000a0800000|100%| O|  |TAMS 0x00000000a0800000, 0x00000000a0700000| Untracked 
|   8|0x00000000a0800000, 0x00000000a0900000, 0x00000000a0900000|100%| O|  |TAMS 0x00000000a0900000, 0x00000000a0800000| Untracked 
|   9|0x00000000a0900000, 0x00000000a0a00000, 0x00000000a0a00000|100%| O|  |TAMS 0x00000000a0a00000, 0x00000000a0900000| Untracked 
|  10|0x00000000a0a00000, 0x00000000a0b00000, 0x00000000a0b00000|100%| O|  |TAMS 0x00000000a0b00000, 0x00000000a0a00000| Untracked 
|  11|0x00000000a0b00000, 0x00000000a0c00000, 0x00000000a0c00000|100%| O|  |TAMS 0x00000000a0c00000, 0x00000000a0b00000| Untracked 
|  12|0x00000000a0c00000, 0x00000000a0d00000, 0x00000000a0d00000|100%| O|  |TAMS 0x00000000a0d00000, 0x00000000a0c00000| Untracked 
|  13|0x00000000a0d00000, 0x00000000a0e00000, 0x00000000a0e00000|100%| O|  |TAMS 0x00000000a0e00000, 0x00000000a0d00000| Untracked 
|  14|0x00000000a0e00000, 0x00000000a0f00000, 0x00000000a0f00000|100%| O|  |TAMS 0x00000000a0f00000, 0x00000000a0e00000| Untracked 
|  15|0x00000000a0f00000, 0x00000000a1000000, 0x00000000a1000000|100%| O|  |TAMS 0x00000000a1000000, 0x00000000a0f00000| Untracked 
|  16|0x00000000a1000000, 0x00000000a1100000, 0x00000000a1100000|100%|HS|  |TAMS 0x00000000a1100000, 0x00000000a1000000| Complete 
|  17|0x00000000a1100000, 0x00000000a1200000, 0x00000000a1200000|100%|HC|  |TAMS 0x00000000a1200000, 0x00000000a1100000| Complete 
|  18|0x00000000a1200000, 0x00000000a1300000, 0x00000000a1300000|100%|HS|  |TAMS 0x00000000a1300000, 0x00000000a1200000| Complete 
|  19|0x00000000a1300000, 0x00000000a1400000, 0x00000000a1400000|100%|HC|  |TAMS 0x00000000a1400000, 0x00000000a1300000| Complete 
|  20|0x00000000a1400000, 0x00000000a1500000, 0x00000000a1500000|100%|HC|  |TAMS 0x00000000a1500000, 0x00000000a1400000| Complete 
|  21|0x00000000a1500000, 0x00000000a1600000, 0x00000000a1600000|100%|HS|  |TAMS 0x00000000a1500000, 0x00000000a1500000| Complete 
|  22|0x00000000a1600000, 0x00000000a1700000, 0x00000000a1700000|100%|HS|  |TAMS 0x00000000a1600000, 0x00000000a1600000| Complete 
|  23|0x00000000a1700000, 0x00000000a1800000, 0x00000000a1800000|100%|HC|  |TAMS 0x00000000a1700000, 0x00000000a1700000| Complete 
|  24|0x00000000a1800000, 0x00000000a1900000, 0x00000000a1900000|100%|HS|  |TAMS 0x00000000a1800000, 0x00000000a1800000| Complete 
|  25|0x00000000a1900000, 0x00000000a1900000, 0x00000000a1a00000|  0%| F|  |TAMS 0x00000000a1900000, 0x00000000a1900000| Untracked 
|  26|0x00000000a1a00000, 0x00000000a1a00000, 0x00000000a1b00000|  0%| F|  |TAMS 0x00000000a1a00000, 0x00000000a1a00000| Untracked 
|  27|0x00000000a1b00000, 0x00000000a1b00000, 0x00000000a1c00000|  0%| F|  |TAMS 0x00000000a1b00000, 0x00000000a1b00000| Untracked 
|  28|0x00000000a1c00000, 0x00000000a1c00000, 0x00000000a1d00000|  0%| F|  |TAMS 0x00000000a1c00000, 0x00000000a1c00000| Untracked 
|  29|0x00000000a1d00000, 0x00000000a1d00000, 0x00000000a1e00000|  0%| F|  |TAMS 0x00000000a1d00000, 0x00000000a1d00000| Untracked 
|  30|0x00000000a1e00000, 0x00000000a1e00000, 0x00000000a1f00000|  0%| F|  |TAMS 0x00000000a1e00000, 0x00000000a1e00000| Untracked 
|  31|0x00000000a1f00000, 0x00000000a1f00000, 0x00000000a2000000|  0%| F|  |TAMS 0x00000000a1f00000, 0x00000000a1f00000| Untracked 
|  32|0x00000000a2000000, 0x00000000a2000000, 0x00000000a2100000|  0%| F|  |TAMS 0x00000000a2000000, 0x00000000a2000000| Untracked 
|  33|0x00000000a2100000, 0x00000000a2100000, 0x00000000a2200000|  0%| F|  |TAMS 0x00000000a2100000, 0x00000000a2100000| Untracked 
|  34|0x00000000a2200000, 0x00000000a2200000, 0x00000000a2300000|  0%| F|  |TAMS 0x00000000a2200000, 0x00000000a2200000| Untracked 
|  35|0x00000000a2300000, 0x00000000a2300000, 0x00000000a2400000|  0%| F|  |TAMS 0x00000000a2300000, 0x00000000a2300000| Untracked 
|  36|0x00000000a2400000, 0x00000000a2400000, 0x00000000a2500000|  0%| F|  |TAMS 0x00000000a2400000, 0x00000000a2400000| Untracked 
|  37|0x00000000a2500000, 0x00000000a2500000, 0x00000000a2600000|  0%| F|  |TAMS 0x00000000a2500000, 0x00000000a2500000| Untracked 
|  38|0x00000000a2600000, 0x00000000a2600000, 0x00000000a2700000|  0%| F|  |TAMS 0x00000000a2600000, 0x00000000a2600000| Untracked 
|  39|0x00000000a2700000, 0x00000000a2700000, 0x00000000a2800000|  0%| F|  |TAMS 0x00000000a2700000, 0x00000000a2700000| Untracked 
|  40|0x00000000a2800000, 0x00000000a2800000, 0x00000000a2900000|  0%| F|  |TAMS 0x00000000a2800000, 0x00000000a2800000| Untracked 
|  41|0x00000000a2900000, 0x00000000a2900000, 0x00000000a2a00000|  0%| F|  |TAMS 0x00000000a2900000, 0x00000000a2900000| Untracked 
|  42|0x00000000a2a00000, 0x00000000a2a00000, 0x00000000a2b00000|  0%| F|  |TAMS 0x00000000a2a00000, 0x00000000a2a00000| Untracked 
|  43|0x00000000a2b00000, 0x00000000a2b00000, 0x00000000a2c00000|  0%| F|  |TAMS 0x00000000a2b00000, 0x00000000a2b00000| Untracked 
|  44|0x00000000a2c00000, 0x00000000a2c00000, 0x00000000a2d00000|  0%| F|  |TAMS 0x00000000a2c00000, 0x00000000a2c00000| Untracked 
|  45|0x00000000a2d00000, 0x00000000a2d00000, 0x00000000a2e00000|  0%| F|  |TAMS 0x00000000a2d00000, 0x00000000a2d00000| Untracked 
|  46|0x00000000a2e00000, 0x00000000a2e00000, 0x00000000a2f00000|  0%| F|  |TAMS 0x00000000a2e00000, 0x00000000a2e00000| Untracked 
|  47|0x00000000a2f00000, 0x00000000a2f00000, 0x00000000a3000000|  0%| F|  |TAMS 0x00000000a2f00000, 0x00000000a2f00000| Untracked 
|  48|0x00000000a3000000, 0x00000000a3000000, 0x00000000a3100000|  0%| F|  |TAMS 0x00000000a3000000, 0x00000000a3000000| Untracked 
|  49|0x00000000a3100000, 0x00000000a3100000, 0x00000000a3200000|  0%| F|  |TAMS 0x00000000a3100000, 0x00000000a3100000| Untracked 
|  50|0x00000000a3200000, 0x00000000a3200000, 0x00000000a3300000|  0%| F|  |TAMS 0x00000000a3200000, 0x00000000a3200000| Untracked 
|  51|0x00000000a3300000, 0x00000000a3300000, 0x00000000a3400000|  0%| F|  |TAMS 0x00000000a3300000, 0x00000000a3300000| Untracked 
|  52|0x00000000a3400000, 0x00000000a3400000, 0x00000000a3500000|  0%| F|  |TAMS 0x00000000a3400000, 0x00000000a3400000| Untracked 
|  53|0x00000000a3500000, 0x00000000a3500000, 0x00000000a3600000|  0%| F|  |TAMS 0x00000000a3500000, 0x00000000a3500000| Untracked 
|  54|0x00000000a3600000, 0x00000000a3600000, 0x00000000a3700000|  0%| F|  |TAMS 0x00000000a3600000, 0x00000000a3600000| Untracked 
|  55|0x00000000a3700000, 0x00000000a3700000, 0x00000000a3800000|  0%| F|  |TAMS 0x00000000a3700000, 0x00000000a3700000| Untracked 
|  56|0x00000000a3800000, 0x00000000a3800000, 0x00000000a3900000|  0%| F|  |TAMS 0x00000000a3800000, 0x00000000a3800000| Untracked 
|  57|0x00000000a3900000, 0x00000000a3900000, 0x00000000a3a00000|  0%| F|  |TAMS 0x00000000a3900000, 0x00000000a3900000| Untracked 
|  58|0x00000000a3a00000, 0x00000000a3a00000, 0x00000000a3b00000|  0%| F|  |TAMS 0x00000000a3a00000, 0x00000000a3a00000| Untracked 
|  59|0x00000000a3b00000, 0x00000000a3b00000, 0x00000000a3c00000|  0%| F|  |TAMS 0x00000000a3b00000, 0x00000000a3b00000| Untracked 
|  60|0x00000000a3c00000, 0x00000000a3c00000, 0x00000000a3d00000|  0%| F|  |TAMS 0x00000000a3c00000, 0x00000000a3c00000| Untracked 
|  61|0x00000000a3d00000, 0x00000000a3d00000, 0x00000000a3e00000|  0%| F|  |TAMS 0x00000000a3d00000, 0x00000000a3d00000| Untracked 
|  62|0x00000000a3e00000, 0x00000000a3e00000, 0x00000000a3f00000|  0%| F|  |TAMS 0x00000000a3e00000, 0x00000000a3e00000| Untracked 
|  63|0x00000000a3f00000, 0x00000000a3f00000, 0x00000000a4000000|  0%| F|  |TAMS 0x00000000a3f00000, 0x00000000a3f00000| Untracked 
|  64|0x00000000a4000000, 0x00000000a4000000, 0x00000000a4100000|  0%| F|  |TAMS 0x00000000a4000000, 0x00000000a4000000| Untracked 
|  65|0x00000000a4100000, 0x00000000a4100000, 0x00000000a4200000|  0%| F|  |TAMS 0x00000000a4100000, 0x00000000a4100000| Untracked 
|  66|0x00000000a4200000, 0x00000000a4200000, 0x00000000a4300000|  0%| F|  |TAMS 0x00000000a4200000, 0x00000000a4200000| Untracked 
|  67|0x00000000a4300000, 0x00000000a4300000, 0x00000000a4400000|  0%| F|  |TAMS 0x00000000a4300000, 0x00000000a4300000| Untracked 
|  68|0x00000000a4400000, 0x00000000a4400000, 0x00000000a4500000|  0%| F|  |TAMS 0x00000000a4400000, 0x00000000a4400000| Untracked 
|  69|0x00000000a4500000, 0x00000000a4500000, 0x00000000a4600000|  0%| F|  |TAMS 0x00000000a4500000, 0x00000000a4500000| Untracked 
|  70|0x00000000a4600000, 0x00000000a4600000, 0x00000000a4700000|  0%| F|  |TAMS 0x00000000a4600000, 0x00000000a4600000| Untracked 
|  71|0x00000000a4700000, 0x00000000a4700000, 0x00000000a4800000|  0%| F|  |TAMS 0x00000000a4700000, 0x00000000a4700000| Untracked 
|  72|0x00000000a4800000, 0x00000000a4800000, 0x00000000a4900000|  0%| F|  |TAMS 0x00000000a4800000, 0x00000000a4800000| Untracked 
|  73|0x00000000a4900000, 0x00000000a4900000, 0x00000000a4a00000|  0%| F|  |TAMS 0x00000000a4900000, 0x00000000a4900000| Untracked 
|  74|0x00000000a4a00000, 0x00000000a4a00000, 0x00000000a4b00000|  0%| F|  |TAMS 0x00000000a4a00000, 0x00000000a4a00000| Untracked 
|  75|0x00000000a4b00000, 0x00000000a4b00000, 0x00000000a4c00000|  0%| F|  |TAMS 0x00000000a4b00000, 0x00000000a4b00000| Untracked 
|  76|0x00000000a4c00000, 0x00000000a4c00000, 0x00000000a4d00000|  0%| F|  |TAMS 0x00000000a4c00000, 0x00000000a4c00000| Untracked 
|  77|0x00000000a4d00000, 0x00000000a4d00000, 0x00000000a4e00000|  0%| F|  |TAMS 0x00000000a4d00000, 0x00000000a4d00000| Untracked 
|  78|0x00000000a4e00000, 0x00000000a4e00000, 0x00000000a4f00000|  0%| F|  |TAMS 0x00000000a4e00000, 0x00000000a4e00000| Untracked 
|  79|0x00000000a4f00000, 0x00000000a4f00000, 0x00000000a5000000|  0%| F|  |TAMS 0x00000000a4f00000, 0x00000000a4f00000| Untracked 
|  80|0x00000000a5000000, 0x00000000a5000000, 0x00000000a5100000|  0%| F|  |TAMS 0x00000000a5000000, 0x00000000a5000000| Untracked 
|  81|0x00000000a5100000, 0x00000000a5100000, 0x00000000a5200000|  0%| F|  |TAMS 0x00000000a5100000, 0x00000000a5100000| Untracked 
|  82|0x00000000a5200000, 0x00000000a5200000, 0x00000000a5300000|  0%| F|  |TAMS 0x00000000a5200000, 0x00000000a5200000| Untracked 
|  83|0x00000000a5300000, 0x00000000a5300000, 0x00000000a5400000|  0%| F|  |TAMS 0x00000000a5300000, 0x00000000a5300000| Untracked 
|  84|0x00000000a5400000, 0x00000000a5400000, 0x00000000a5500000|  0%| F|  |TAMS 0x00000000a5400000, 0x00000000a5400000| Untracked 
|  85|0x00000000a5500000, 0x00000000a5500000, 0x00000000a5600000|  0%| F|  |TAMS 0x00000000a5500000, 0x00000000a5500000| Untracked 
|  86|0x00000000a5600000, 0x00000000a5600000, 0x00000000a5700000|  0%| F|  |TAMS 0x00000000a5600000, 0x00000000a5600000| Untracked 
|  87|0x00000000a5700000, 0x00000000a5700000, 0x00000000a5800000|  0%| F|  |TAMS 0x00000000a5700000, 0x00000000a5700000| Untracked 
|  88|0x00000000a5800000, 0x00000000a5800000, 0x00000000a5900000|  0%| F|  |TAMS 0x00000000a5800000, 0x00000000a5800000| Untracked 
|  89|0x00000000a5900000, 0x00000000a5900000, 0x00000000a5a00000|  0%| F|  |TAMS 0x00000000a5900000, 0x00000000a5900000| Untracked 
|  90|0x00000000a5a00000, 0x00000000a5a00000, 0x00000000a5b00000|  0%| F|  |TAMS 0x00000000a5a00000, 0x00000000a5a00000| Untracked 
|  91|0x00000000a5b00000, 0x00000000a5b00000, 0x00000000a5c00000|  0%| F|  |TAMS 0x00000000a5b00000, 0x00000000a5b00000| Untracked 
|  92|0x00000000a5c00000, 0x00000000a5c00000, 0x00000000a5d00000|  0%| F|  |TAMS 0x00000000a5c00000, 0x00000000a5c00000| Untracked 
|  93|0x00000000a5d00000, 0x00000000a5d00000, 0x00000000a5e00000|  0%| F|  |TAMS 0x00000000a5d00000, 0x00000000a5d00000| Untracked 
|  94|0x00000000a5e00000, 0x00000000a5e00000, 0x00000000a5f00000|  0%| F|  |TAMS 0x00000000a5e00000, 0x00000000a5e00000| Untracked 
|  95|0x00000000a5f00000, 0x00000000a5f00000, 0x00000000a6000000|  0%| F|  |TAMS 0x00000000a5f00000, 0x00000000a5f00000| Untracked 
|  96|0x00000000a6000000, 0x00000000a6000000, 0x00000000a6100000|  0%| F|  |TAMS 0x00000000a6000000, 0x00000000a6000000| Untracked 
|  97|0x00000000a6100000, 0x00000000a6100000, 0x00000000a6200000|  0%| F|  |TAMS 0x00000000a6100000, 0x00000000a6100000| Untracked 
|  98|0x00000000a6200000, 0x00000000a6200000, 0x00000000a6300000|  0%| F|  |TAMS 0x00000000a6200000, 0x00000000a6200000| Untracked 
|  99|0x00000000a6300000, 0x00000000a6300000, 0x00000000a6400000|  0%| F|  |TAMS 0x00000000a6300000, 0x00000000a6300000| Untracked 
| 100|0x00000000a6400000, 0x00000000a6400000, 0x00000000a6500000|  0%| F|  |TAMS 0x00000000a6400000, 0x00000000a6400000| Untracked 
| 101|0x00000000a6500000, 0x00000000a6500000, 0x00000000a6600000|  0%| F|  |TAMS 0x00000000a6500000, 0x00000000a6500000| Untracked 
| 102|0x00000000a6600000, 0x00000000a6600000, 0x00000000a6700000|  0%| F|  |TAMS 0x00000000a6600000, 0x00000000a6600000| Untracked 
| 103|0x00000000a6700000, 0x00000000a6700000, 0x00000000a6800000|  0%| F|  |TAMS 0x00000000a6700000, 0x00000000a6700000| Untracked 
| 104|0x00000000a6800000, 0x00000000a6800000, 0x00000000a6900000|  0%| F|  |TAMS 0x00000000a6800000, 0x00000000a6800000| Untracked 
| 105|0x00000000a6900000, 0x00000000a6900000, 0x00000000a6a00000|  0%| F|  |TAMS 0x00000000a6900000, 0x00000000a6900000| Untracked 
| 106|0x00000000a6a00000, 0x00000000a6a00000, 0x00000000a6b00000|  0%| F|  |TAMS 0x00000000a6a00000, 0x00000000a6a00000| Untracked 
| 107|0x00000000a6b00000, 0x00000000a6b00000, 0x00000000a6c00000|  0%| F|  |TAMS 0x00000000a6b00000, 0x00000000a6b00000| Untracked 
| 108|0x00000000a6c00000, 0x00000000a6c00000, 0x00000000a6d00000|  0%| F|  |TAMS 0x00000000a6c00000, 0x00000000a6c00000| Untracked 
| 109|0x00000000a6d00000, 0x00000000a6d00000, 0x00000000a6e00000|  0%| F|  |TAMS 0x00000000a6d00000, 0x00000000a6d00000| Untracked 
| 110|0x00000000a6e00000, 0x00000000a6e00000, 0x00000000a6f00000|  0%| F|  |TAMS 0x00000000a6e00000, 0x00000000a6e00000| Untracked 
| 111|0x00000000a6f00000, 0x00000000a6f00000, 0x00000000a7000000|  0%| F|  |TAMS 0x00000000a6f00000, 0x00000000a6f00000| Untracked 
| 112|0x00000000a7000000, 0x00000000a7000000, 0x00000000a7100000|  0%| F|  |TAMS 0x00000000a7000000, 0x00000000a7000000| Untracked 
| 113|0x00000000a7100000, 0x00000000a7100000, 0x00000000a7200000|  0%| F|  |TAMS 0x00000000a7100000, 0x00000000a7100000| Untracked 
| 114|0x00000000a7200000, 0x00000000a7200000, 0x00000000a7300000|  0%| F|  |TAMS 0x00000000a7200000, 0x00000000a7200000| Untracked 
| 115|0x00000000a7300000, 0x00000000a7300000, 0x00000000a7400000|  0%| F|  |TAMS 0x00000000a7300000, 0x00000000a7300000| Untracked 
| 116|0x00000000a7400000, 0x00000000a7400000, 0x00000000a7500000|  0%| F|  |TAMS 0x00000000a7400000, 0x00000000a7400000| Untracked 
| 117|0x00000000a7500000, 0x00000000a7500000, 0x00000000a7600000|  0%| F|  |TAMS 0x00000000a7500000, 0x00000000a7500000| Untracked 
| 118|0x00000000a7600000, 0x00000000a7600000, 0x00000000a7700000|  0%| F|  |TAMS 0x00000000a7600000, 0x00000000a7600000| Untracked 
| 119|0x00000000a7700000, 0x00000000a7700000, 0x00000000a7800000|  0%| F|  |TAMS 0x00000000a7700000, 0x00000000a7700000| Untracked 
| 120|0x00000000a7800000, 0x00000000a7800000, 0x00000000a7900000|  0%| F|  |TAMS 0x00000000a7800000, 0x00000000a7800000| Untracked 
| 121|0x00000000a7900000, 0x00000000a7900000, 0x00000000a7a00000|  0%| F|  |TAMS 0x00000000a7900000, 0x00000000a7900000| Untracked 
| 122|0x00000000a7a00000, 0x00000000a7a00000, 0x00000000a7b00000|  0%| F|  |TAMS 0x00000000a7a00000, 0x00000000a7a00000| Untracked 
| 123|0x00000000a7b00000, 0x00000000a7b00000, 0x00000000a7c00000|  0%| F|  |TAMS 0x00000000a7b00000, 0x00000000a7b00000| Untracked 
| 124|0x00000000a7c00000, 0x00000000a7c00000, 0x00000000a7d00000|  0%| F|  |TAMS 0x00000000a7c00000, 0x00000000a7c00000| Untracked 
| 125|0x00000000a7d00000, 0x00000000a7d00000, 0x00000000a7e00000|  0%| F|  |TAMS 0x00000000a7d00000, 0x00000000a7d00000| Untracked 
| 126|0x00000000a7e00000, 0x00000000a7e00000, 0x00000000a7f00000|  0%| F|  |TAMS 0x00000000a7e00000, 0x00000000a7e00000| Untracked 
| 127|0x00000000a7f00000, 0x00000000a7f00000, 0x00000000a8000000|  0%| F|  |TAMS 0x00000000a7f00000, 0x00000000a7f00000| Untracked 
| 128|0x00000000a8000000, 0x00000000a8000000, 0x00000000a8100000|  0%| F|  |TAMS 0x00000000a8000000, 0x00000000a8000000| Untracked 
| 129|0x00000000a8100000, 0x00000000a8100000, 0x00000000a8200000|  0%| F|  |TAMS 0x00000000a8100000, 0x00000000a8100000| Untracked 
| 130|0x00000000a8200000, 0x00000000a8200000, 0x00000000a8300000|  0%| F|  |TAMS 0x00000000a8200000, 0x00000000a8200000| Untracked 
| 131|0x00000000a8300000, 0x00000000a8300000, 0x00000000a8400000|  0%| F|  |TAMS 0x00000000a8300000, 0x00000000a8300000| Untracked 
| 132|0x00000000a8400000, 0x00000000a8400000, 0x00000000a8500000|  0%| F|  |TAMS 0x00000000a8400000, 0x00000000a8400000| Untracked 
| 133|0x00000000a8500000, 0x00000000a8500000, 0x00000000a8600000|  0%| F|  |TAMS 0x00000000a8500000, 0x00000000a8500000| Untracked 
| 134|0x00000000a8600000, 0x00000000a8600000, 0x00000000a8700000|  0%| F|  |TAMS 0x00000000a8600000, 0x00000000a8600000| Untracked 
| 135|0x00000000a8700000, 0x00000000a8700000, 0x00000000a8800000|  0%| F|  |TAMS 0x00000000a8700000, 0x00000000a8700000| Untracked 
| 136|0x00000000a8800000, 0x00000000a8800000, 0x00000000a8900000|  0%| F|  |TAMS 0x00000000a8800000, 0x00000000a8800000| Untracked 
| 137|0x00000000a8900000, 0x00000000a8900000, 0x00000000a8a00000|  0%| F|  |TAMS 0x00000000a8900000, 0x00000000a8900000| Untracked 
| 138|0x00000000a8a00000, 0x00000000a8a00000, 0x00000000a8b00000|  0%| F|  |TAMS 0x00000000a8a00000, 0x00000000a8a00000| Untracked 
| 139|0x00000000a8b00000, 0x00000000a8b00000, 0x00000000a8c00000|  0%| F|  |TAMS 0x00000000a8b00000, 0x00000000a8b00000| Untracked 
| 140|0x00000000a8c00000, 0x00000000a8c00000, 0x00000000a8d00000|  0%| F|  |TAMS 0x00000000a8c00000, 0x00000000a8c00000| Untracked 
| 141|0x00000000a8d00000, 0x00000000a8d00000, 0x00000000a8e00000|  0%| F|  |TAMS 0x00000000a8d00000, 0x00000000a8d00000| Untracked 
| 142|0x00000000a8e00000, 0x00000000a8e00000, 0x00000000a8f00000|  0%| F|  |TAMS 0x00000000a8e00000, 0x00000000a8e00000| Untracked 
| 143|0x00000000a8f00000, 0x00000000a8f00000, 0x00000000a9000000|  0%| F|  |TAMS 0x00000000a8f00000, 0x00000000a8f00000| Untracked 
| 144|0x00000000a9000000, 0x00000000a9000000, 0x00000000a9100000|  0%| F|  |TAMS 0x00000000a9000000, 0x00000000a9000000| Untracked 
| 145|0x00000000a9100000, 0x00000000a9100000, 0x00000000a9200000|  0%| F|  |TAMS 0x00000000a9100000, 0x00000000a9100000| Untracked 
| 146|0x00000000a9200000, 0x00000000a9200000, 0x00000000a9300000|  0%| F|  |TAMS 0x00000000a9200000, 0x00000000a9200000| Untracked 
| 147|0x00000000a9300000, 0x00000000a9300000, 0x00000000a9400000|  0%| F|  |TAMS 0x00000000a9300000, 0x00000000a9300000| Untracked 
| 148|0x00000000a9400000, 0x00000000a9400000, 0x00000000a9500000|  0%| F|  |TAMS 0x00000000a9400000, 0x00000000a9400000| Untracked 
| 149|0x00000000a9500000, 0x00000000a9500000, 0x00000000a9600000|  0%| F|  |TAMS 0x00000000a9500000, 0x00000000a9500000| Untracked 
| 150|0x00000000a9600000, 0x00000000a9600000, 0x00000000a9700000|  0%| F|  |TAMS 0x00000000a9600000, 0x00000000a9600000| Untracked 
| 151|0x00000000a9700000, 0x00000000a9700000, 0x00000000a9800000|  0%| F|  |TAMS 0x00000000a9700000, 0x00000000a9700000| Untracked 
| 152|0x00000000a9800000, 0x00000000a9800000, 0x00000000a9900000|  0%| F|  |TAMS 0x00000000a9800000, 0x00000000a9800000| Untracked 
| 153|0x00000000a9900000, 0x00000000a9900000, 0x00000000a9a00000|  0%| F|  |TAMS 0x00000000a9900000, 0x00000000a9900000| Untracked 
| 154|0x00000000a9a00000, 0x00000000a9a00000, 0x00000000a9b00000|  0%| F|  |TAMS 0x00000000a9a00000, 0x00000000a9a00000| Untracked 
| 155|0x00000000a9b00000, 0x00000000a9b00000, 0x00000000a9c00000|  0%| F|  |TAMS 0x00000000a9b00000, 0x00000000a9b00000| Untracked 
| 156|0x00000000a9c00000, 0x00000000a9c00000, 0x00000000a9d00000|  0%| F|  |TAMS 0x00000000a9c00000, 0x00000000a9c00000| Untracked 
| 157|0x00000000a9d00000, 0x00000000a9d00000, 0x00000000a9e00000|  0%| F|  |TAMS 0x00000000a9d00000, 0x00000000a9d00000| Untracked 
| 158|0x00000000a9e00000, 0x00000000a9e00000, 0x00000000a9f00000|  0%| F|  |TAMS 0x00000000a9e00000, 0x00000000a9e00000| Untracked 
| 159|0x00000000a9f00000, 0x00000000a9f00000, 0x00000000aa000000|  0%| F|  |TAMS 0x00000000a9f00000, 0x00000000a9f00000| Untracked 
| 160|0x00000000aa000000, 0x00000000aa000000, 0x00000000aa100000|  0%| F|  |TAMS 0x00000000aa000000, 0x00000000aa000000| Untracked 
| 161|0x00000000aa100000, 0x00000000aa100000, 0x00000000aa200000|  0%| F|  |TAMS 0x00000000aa100000, 0x00000000aa100000| Untracked 
| 162|0x00000000aa200000, 0x00000000aa200000, 0x00000000aa300000|  0%| F|  |TAMS 0x00000000aa200000, 0x00000000aa200000| Untracked 
| 163|0x00000000aa300000, 0x00000000aa300000, 0x00000000aa400000|  0%| F|  |TAMS 0x00000000aa300000, 0x00000000aa300000| Untracked 
| 164|0x00000000aa400000, 0x00000000aa400000, 0x00000000aa500000|  0%| F|  |TAMS 0x00000000aa400000, 0x00000000aa400000| Untracked 
| 165|0x00000000aa500000, 0x00000000aa5fd400, 0x00000000aa600000| 98%| S|CS|TAMS 0x00000000aa500000, 0x00000000aa500000| Complete 
| 166|0x00000000aa600000, 0x00000000aa700000, 0x00000000aa700000|100%| S|CS|TAMS 0x00000000aa600000, 0x00000000aa600000| Complete 
| 167|0x00000000aa700000, 0x00000000aa800000, 0x00000000aa800000|100%| S|CS|TAMS 0x00000000aa700000, 0x00000000aa700000| Complete 
| 168|0x00000000aa800000, 0x00000000aa900000, 0x00000000aa900000|100%| S|CS|TAMS 0x00000000aa800000, 0x00000000aa800000| Complete 
| 169|0x00000000aa900000, 0x00000000aaa00000, 0x00000000aaa00000|100%| S|CS|TAMS 0x00000000aa900000, 0x00000000aa900000| Complete 
| 170|0x00000000aaa00000, 0x00000000aab00000, 0x00000000aab00000|100%| S|CS|TAMS 0x00000000aaa00000, 0x00000000aaa00000| Complete 
| 171|0x00000000aab00000, 0x00000000aab00000, 0x00000000aac00000|  0%| F|  |TAMS 0x00000000aab00000, 0x00000000aab00000| Untracked 
| 172|0x00000000aac00000, 0x00000000aac00000, 0x00000000aad00000|  0%| F|  |TAMS 0x00000000aac00000, 0x00000000aac00000| Untracked 
| 173|0x00000000aad00000, 0x00000000aad00000, 0x00000000aae00000|  0%| F|  |TAMS 0x00000000aad00000, 0x00000000aad00000| Untracked 
| 174|0x00000000aae00000, 0x00000000aae00000, 0x00000000aaf00000|  0%| F|  |TAMS 0x00000000aae00000, 0x00000000aae00000| Untracked 
| 175|0x00000000aaf00000, 0x00000000aaf00000, 0x00000000ab000000|  0%| F|  |TAMS 0x00000000aaf00000, 0x00000000aaf00000| Untracked 
| 176|0x00000000ab000000, 0x00000000ab000000, 0x00000000ab100000|  0%| F|  |TAMS 0x00000000ab000000, 0x00000000ab000000| Untracked 
| 177|0x00000000ab100000, 0x00000000ab100000, 0x00000000ab200000|  0%| F|  |TAMS 0x00000000ab100000, 0x00000000ab100000| Untracked 
| 178|0x00000000ab200000, 0x00000000ab200000, 0x00000000ab300000|  0%| F|  |TAMS 0x00000000ab200000, 0x00000000ab200000| Untracked 
| 179|0x00000000ab300000, 0x00000000ab300000, 0x00000000ab400000|  0%| F|  |TAMS 0x00000000ab300000, 0x00000000ab300000| Untracked 
| 180|0x00000000ab400000, 0x00000000ab400000, 0x00000000ab500000|  0%| F|  |TAMS 0x00000000ab400000, 0x00000000ab400000| Untracked 
| 181|0x00000000ab500000, 0x00000000ab600000, 0x00000000ab600000|100%| E|  |TAMS 0x00000000ab500000, 0x00000000ab500000| Complete 
| 182|0x00000000ab600000, 0x00000000ab700000, 0x00000000ab700000|100%| E|CS|TAMS 0x00000000ab600000, 0x00000000ab600000| Complete 
| 183|0x00000000ab700000, 0x00000000ab800000, 0x00000000ab800000|100%| E|CS|TAMS 0x00000000ab700000, 0x00000000ab700000| Complete 
| 184|0x00000000ab800000, 0x00000000ab900000, 0x00000000ab900000|100%| E|CS|TAMS 0x00000000ab800000, 0x00000000ab800000| Complete 
| 185|0x00000000ab900000, 0x00000000aba00000, 0x00000000aba00000|100%| E|CS|TAMS 0x00000000ab900000, 0x00000000ab900000| Complete 
| 186|0x00000000aba00000, 0x00000000abb00000, 0x00000000abb00000|100%| E|CS|TAMS 0x00000000aba00000, 0x00000000aba00000| Complete 
| 187|0x00000000abb00000, 0x00000000abc00000, 0x00000000abc00000|100%| E|CS|TAMS 0x00000000abb00000, 0x00000000abb00000| Complete 
| 188|0x00000000abc00000, 0x00000000abd00000, 0x00000000abd00000|100%| E|CS|TAMS 0x00000000abc00000, 0x00000000abc00000| Complete 
| 189|0x00000000abd00000, 0x00000000abe00000, 0x00000000abe00000|100%| E|CS|TAMS 0x00000000abd00000, 0x00000000abd00000| Complete 
| 190|0x00000000abe00000, 0x00000000abf00000, 0x00000000abf00000|100%| E|  |TAMS 0x00000000abe00000, 0x00000000abe00000| Complete 
| 191|0x00000000abf00000, 0x00000000ac000000, 0x00000000ac000000|100%| E|CS|TAMS 0x00000000abf00000, 0x00000000abf00000| Complete 
| 192|0x00000000ac000000, 0x00000000ac100000, 0x00000000ac100000|100%| E|CS|TAMS 0x00000000ac000000, 0x00000000ac000000| Complete 
| 193|0x00000000ac100000, 0x00000000ac200000, 0x00000000ac200000|100%| E|CS|TAMS 0x00000000ac100000, 0x00000000ac100000| Complete 
| 194|0x00000000ac200000, 0x00000000ac300000, 0x00000000ac300000|100%| E|CS|TAMS 0x00000000ac200000, 0x00000000ac200000| Complete 
| 195|0x00000000ac300000, 0x00000000ac400000, 0x00000000ac400000|100%| E|CS|TAMS 0x00000000ac300000, 0x00000000ac300000| Complete 
| 196|0x00000000ac400000, 0x00000000ac500000, 0x00000000ac500000|100%| E|CS|TAMS 0x00000000ac400000, 0x00000000ac400000| Complete 
| 197|0x00000000ac500000, 0x00000000ac600000, 0x00000000ac600000|100%| E|CS|TAMS 0x00000000ac500000, 0x00000000ac500000| Complete 
| 198|0x00000000ac600000, 0x00000000ac700000, 0x00000000ac700000|100%| E|CS|TAMS 0x00000000ac600000, 0x00000000ac600000| Complete 
| 199|0x00000000ac700000, 0x00000000ac800000, 0x00000000ac800000|100%| E|CS|TAMS 0x00000000ac700000, 0x00000000ac700000| Complete 
| 200|0x00000000ac800000, 0x00000000ac900000, 0x00000000ac900000|100%| E|CS|TAMS 0x00000000ac800000, 0x00000000ac800000| Complete 
| 201|0x00000000ac900000, 0x00000000aca00000, 0x00000000aca00000|100%| E|CS|TAMS 0x00000000ac900000, 0x00000000ac900000| Complete 
| 202|0x00000000aca00000, 0x00000000acb00000, 0x00000000acb00000|100%| E|CS|TAMS 0x00000000aca00000, 0x00000000aca00000| Complete 
| 203|0x00000000acb00000, 0x00000000acc00000, 0x00000000acc00000|100%| E|CS|TAMS 0x00000000acb00000, 0x00000000acb00000| Complete 
| 204|0x00000000acc00000, 0x00000000acd00000, 0x00000000acd00000|100%| E|CS|TAMS 0x00000000acc00000, 0x00000000acc00000| Complete 
| 205|0x00000000acd00000, 0x00000000ace00000, 0x00000000ace00000|100%| E|CS|TAMS 0x00000000acd00000, 0x00000000acd00000| Complete 
| 206|0x00000000ace00000, 0x00000000acf00000, 0x00000000acf00000|100%| E|CS|TAMS 0x00000000ace00000, 0x00000000ace00000| Complete 
| 207|0x00000000acf00000, 0x00000000ad000000, 0x00000000ad000000|100%| E|CS|TAMS 0x00000000acf00000, 0x00000000acf00000| Complete 
| 208|0x00000000ad000000, 0x00000000ad100000, 0x00000000ad100000|100%| E|CS|TAMS 0x00000000ad000000, 0x00000000ad000000| Complete 
| 209|0x00000000ad100000, 0x00000000ad200000, 0x00000000ad200000|100%| E|CS|TAMS 0x00000000ad100000, 0x00000000ad100000| Complete 
| 210|0x00000000ad200000, 0x00000000ad300000, 0x00000000ad300000|100%| E|CS|TAMS 0x00000000ad200000, 0x00000000ad200000| Complete 
| 211|0x00000000ad300000, 0x00000000ad400000, 0x00000000ad400000|100%| E|CS|TAMS 0x00000000ad300000, 0x00000000ad300000| Complete 
| 212|0x00000000ad400000, 0x00000000ad500000, 0x00000000ad500000|100%| E|CS|TAMS 0x00000000ad400000, 0x00000000ad400000| Complete 
| 213|0x00000000ad500000, 0x00000000ad600000, 0x00000000ad600000|100%| E|CS|TAMS 0x00000000ad500000, 0x00000000ad500000| Complete 
| 214|0x00000000ad600000, 0x00000000ad700000, 0x00000000ad700000|100%| E|CS|TAMS 0x00000000ad600000, 0x00000000ad600000| Complete 
| 215|0x00000000ad700000, 0x00000000ad800000, 0x00000000ad800000|100%| E|CS|TAMS 0x00000000ad700000, 0x00000000ad700000| Complete 
| 216|0x00000000ad800000, 0x00000000ad900000, 0x00000000ad900000|100%| E|CS|TAMS 0x00000000ad800000, 0x00000000ad800000| Complete 
| 217|0x00000000ad900000, 0x00000000ada00000, 0x00000000ada00000|100%| E|CS|TAMS 0x00000000ad900000, 0x00000000ad900000| Complete 
| 218|0x00000000ada00000, 0x00000000adb00000, 0x00000000adb00000|100%| E|CS|TAMS 0x00000000ada00000, 0x00000000ada00000| Complete 
| 219|0x00000000adb00000, 0x00000000adc00000, 0x00000000adc00000|100%| E|CS|TAMS 0x00000000adb00000, 0x00000000adb00000| Complete 
| 220|0x00000000adc00000, 0x00000000add00000, 0x00000000add00000|100%| E|CS|TAMS 0x00000000adc00000, 0x00000000adc00000| Complete 
| 221|0x00000000add00000, 0x00000000ade00000, 0x00000000ade00000|100%| E|CS|TAMS 0x00000000add00000, 0x00000000add00000| Complete 
| 222|0x00000000ade00000, 0x00000000adf00000, 0x00000000adf00000|100%| E|CS|TAMS 0x00000000ade00000, 0x00000000ade00000| Complete 
| 223|0x00000000adf00000, 0x00000000ae000000, 0x00000000ae000000|100%| E|CS|TAMS 0x00000000adf00000, 0x00000000adf00000| Complete 
| 224|0x00000000ae000000, 0x00000000ae100000, 0x00000000ae100000|100%| E|CS|TAMS 0x00000000ae000000, 0x00000000ae000000| Complete 
| 225|0x00000000ae100000, 0x00000000ae200000, 0x00000000ae200000|100%| E|CS|TAMS 0x00000000ae100000, 0x00000000ae100000| Complete 
| 226|0x00000000ae200000, 0x00000000ae300000, 0x00000000ae300000|100%| E|CS|TAMS 0x00000000ae200000, 0x00000000ae200000| Complete 
| 227|0x00000000ae300000, 0x00000000ae400000, 0x00000000ae400000|100%| E|CS|TAMS 0x00000000ae300000, 0x00000000ae300000| Complete 
| 228|0x00000000ae400000, 0x00000000ae500000, 0x00000000ae500000|100%| E|CS|TAMS 0x00000000ae400000, 0x00000000ae400000| Complete 
| 229|0x00000000ae500000, 0x00000000ae600000, 0x00000000ae600000|100%| E|CS|TAMS 0x00000000ae500000, 0x00000000ae500000| Complete 
| 230|0x00000000ae600000, 0x00000000ae700000, 0x00000000ae700000|100%| E|CS|TAMS 0x00000000ae600000, 0x00000000ae600000| Complete 
| 231|0x00000000ae700000, 0x00000000ae800000, 0x00000000ae800000|100%| E|CS|TAMS 0x00000000ae700000, 0x00000000ae700000| Complete 
| 232|0x00000000ae800000, 0x00000000ae900000, 0x00000000ae900000|100%| E|CS|TAMS 0x00000000ae800000, 0x00000000ae800000| Complete 
| 233|0x00000000ae900000, 0x00000000aea00000, 0x00000000aea00000|100%| E|CS|TAMS 0x00000000ae900000, 0x00000000ae900000| Complete 
| 234|0x00000000aea00000, 0x00000000aeb00000, 0x00000000aeb00000|100%| E|CS|TAMS 0x00000000aea00000, 0x00000000aea00000| Complete 
| 235|0x00000000aeb00000, 0x00000000aec00000, 0x00000000aec00000|100%| E|CS|TAMS 0x00000000aeb00000, 0x00000000aeb00000| Complete 
| 236|0x00000000aec00000, 0x00000000aed00000, 0x00000000aed00000|100%| E|CS|TAMS 0x00000000aec00000, 0x00000000aec00000| Complete 
| 237|0x00000000aed00000, 0x00000000aee00000, 0x00000000aee00000|100%| E|CS|TAMS 0x00000000aed00000, 0x00000000aed00000| Complete 
| 238|0x00000000aee00000, 0x00000000aef00000, 0x00000000aef00000|100%| E|CS|TAMS 0x00000000aee00000, 0x00000000aee00000| Complete 
| 239|0x00000000aef00000, 0x00000000af000000, 0x00000000af000000|100%| E|CS|TAMS 0x00000000aef00000, 0x00000000aef00000| Complete 
| 240|0x00000000af000000, 0x00000000af100000, 0x00000000af100000|100%| E|CS|TAMS 0x00000000af000000, 0x00000000af000000| Complete 
| 241|0x00000000af100000, 0x00000000af200000, 0x00000000af200000|100%| E|CS|TAMS 0x00000000af100000, 0x00000000af100000| Complete 
| 242|0x00000000af200000, 0x00000000af300000, 0x00000000af300000|100%| E|CS|TAMS 0x00000000af200000, 0x00000000af200000| Complete 
| 243|0x00000000af300000, 0x00000000af400000, 0x00000000af400000|100%| E|CS|TAMS 0x00000000af300000, 0x00000000af300000| Complete 
| 244|0x00000000af400000, 0x00000000af500000, 0x00000000af500000|100%| E|CS|TAMS 0x00000000af400000, 0x00000000af400000| Complete 
| 245|0x00000000af500000, 0x00000000af600000, 0x00000000af600000|100%| E|CS|TAMS 0x00000000af500000, 0x00000000af500000| Complete 
| 246|0x00000000af600000, 0x00000000af700000, 0x00000000af700000|100%| E|CS|TAMS 0x00000000af600000, 0x00000000af600000| Complete 
| 247|0x00000000af700000, 0x00000000af800000, 0x00000000af800000|100%| E|CS|TAMS 0x00000000af700000, 0x00000000af700000| Complete 
| 248|0x00000000af800000, 0x00000000af900000, 0x00000000af900000|100%| E|CS|TAMS 0x00000000af800000, 0x00000000af800000| Complete 
| 249|0x00000000af900000, 0x00000000afa00000, 0x00000000afa00000|100%| E|CS|TAMS 0x00000000af900000, 0x00000000af900000| Complete 
| 250|0x00000000afa00000, 0x00000000afb00000, 0x00000000afb00000|100%| E|CS|TAMS 0x00000000afa00000, 0x00000000afa00000| Complete 
| 251|0x00000000afb00000, 0x00000000afc00000, 0x00000000afc00000|100%| E|CS|TAMS 0x00000000afb00000, 0x00000000afb00000| Complete 
| 252|0x00000000afc00000, 0x00000000afd00000, 0x00000000afd00000|100%| E|CS|TAMS 0x00000000afc00000, 0x00000000afc00000| Complete 
| 253|0x00000000afd00000, 0x00000000afe00000, 0x00000000afe00000|100%| E|CS|TAMS 0x00000000afd00000, 0x00000000afd00000| Complete 

Card table byte_map: [0x000002591cc00000,0x000002591cf00000] _byte_map_base: 0x000002591c700000

Marking Bits (Prev, Next): (CMBitMap*) 0x0000025908dc8528, (CMBitMap*) 0x0000025908dc8560
 Prev Bits: [0x000002591d200000, 0x000002591ea00000)
 Next Bits: [0x000002591ea00000, 0x0000025920200000)

Polling page: 0x0000025907320000

Metaspace:

Usage:
  Non-class:     36.35 MB capacity,    35.72 MB ( 98%) used,   550.73 KB (  1%) free+waste,    97.06 KB ( <1%) overhead. 
      Class:      5.55 MB capacity,     5.18 MB ( 93%) used,   329.16 KB (  6%) free+waste,    46.38 KB ( <1%) overhead. 
       Both:     41.90 MB capacity,    40.90 MB ( 98%) used,   879.89 KB (  2%) free+waste,   143.44 KB ( <1%) overhead. 

Virtual space:
  Non-class space:       38.00 MB reserved,      36.50 MB ( 96%) committed 
      Class space:        1.00 GB reserved,       5.63 MB ( <1%) committed 
             Both:        1.04 GB reserved,      42.13 MB (  4%) committed 

Chunk freelists:
   Non-Class:  25.00 KB
       Class:  13.00 KB
        Both:  38.00 KB

MaxMetaspaceSize: 17179869184.00 GB
CompressedClassSpaceSize: 1.00 GB

CodeHeap 'non-profiled nmethods': size=120000Kb used=1938Kb max_used=1938Kb free=118061Kb
 bounds [0x0000025914750000, 0x00000259149c0000, 0x000002591bc80000]
CodeHeap 'profiled nmethods': size=120000Kb used=7278Kb max_used=7278Kb free=112721Kb
 bounds [0x000002590d220000, 0x000002590d940000, 0x0000025914750000]
CodeHeap 'non-nmethods': size=5760Kb used=2218Kb max_used=2253Kb free=3542Kb
 bounds [0x000002590cc80000, 0x000002590cef0000, 0x000002590d220000]
 total_blobs=4364 nmethods=3593 adapters=682
 compilation: enabled
              stopped_count=0, restarted_count=0
 full_count=0

Compilation events (20 events):
Event: 2.694 Thread 0x0000025923778800 3579       4       org.codehaus.groovy.reflection.CachedMethod::compareToCachedMethod (160 bytes)
Event: 2.695 Thread 0x000002592377f000 nmethod 3592 0x000002590d935a10 code [0x000002590d9360a0, 0x000002590d9398a8]
Event: 2.695 Thread 0x000002592377f000 3590       3       java.util.TreeMap::rotateLeft (96 bytes)
Event: 2.695 Thread 0x000002592377f000 nmethod 3590 0x000002590d93b190 code [0x000002590d93b380, 0x000002590d93b898]
Event: 2.696 Thread 0x000002592377f000 3593       1       com.sun.beans.introspect.PropertyInfo::getIndexed (5 bytes)
Event: 2.696 Thread 0x000002592377f000 nmethod 3593 0x0000025914933190 code [0x0000025914933340, 0x00000259149333f8]
Event: 2.696 Thread 0x000002592377f000 3594       1       com.sun.beans.introspect.PropertyInfo::getPropertyType (5 bytes)
Event: 2.696 Thread 0x000002592377f000 nmethod 3594 0x0000025914933490 code [0x0000025914933640, 0x00000259149336f8]
Event: 2.696 Thread 0x000002592377f000 3595       1       java.beans.PropertyDescriptor::setConstrained (6 bytes)
Event: 2.696 Thread 0x000002592377f000 nmethod 3595 0x0000025914933790 code [0x0000025914933940, 0x00000259149339f8]
Event: 2.696 Thread 0x000002592377f000 3596       1       java.beans.PropertyDescriptor::setBound (6 bytes)
Event: 2.696 Thread 0x000002592377f000 nmethod 3596 0x0000025914933a90 code [0x0000025914933c40, 0x0000025914933cf8]
Event: 2.696 Thread 0x000002592377f000 3597       1       java.beans.FeatureDescriptor::setExpert (6 bytes)
Event: 2.696 Thread 0x000002592377f000 nmethod 3597 0x0000025914933d90 code [0x0000025914933f40, 0x0000025914933ff8]
Event: 2.696 Thread 0x000002592377f000 3598       1       java.beans.FeatureDescriptor::setHidden (6 bytes)
Event: 2.696 Thread 0x000002592377f000 nmethod 3598 0x0000025914934090 code [0x0000025914934240, 0x00000259149342f8]
Event: 2.696 Thread 0x000002592377f000 3599       1       java.beans.FeatureDescriptor::setPreferred (6 bytes)
Event: 2.696 Thread 0x000002592377f000 nmethod 3599 0x0000025914934390 code [0x0000025914934540, 0x00000259149345f8]
Event: 2.696 Thread 0x000002592377f000 3602       1       sun.reflect.generics.tree.MethodTypeSignature::getExceptionTypes (5 bytes)
Event: 2.696 Thread 0x000002592377f000 nmethod 3602 0x0000025914934690 code [0x0000025914934840, 0x00000259149348f8]

GC Heap History (8 events):
Event: 0.374 GC heap before
{Heap before GC invocations=0 (full 0):
 garbage-first heap   total 260096K, used 29696K [0x00000000a0000000, 0x0000000100000000)
  region size 1024K, 24 young (24576K), 0 survivors (0K)
 Metaspace       used 10165K, capacity 10405K, committed 10624K, reserved 1058816K
  class space    used 1062K, capacity 1107K, committed 1152K, reserved 1048576K
}
Event: 0.376 GC heap after
{Heap after GC invocations=1 (full 0):
 garbage-first heap   total 260096K, used 9587K [0x00000000a0000000, 0x0000000100000000)
  region size 1024K, 3 young (3072K), 3 survivors (3072K)
 Metaspace       used 10165K, capacity 10405K, committed 10624K, reserved 1058816K
  class space    used 1062K, capacity 1107K, committed 1152K, reserved 1048576K
}
Event: 1.421 GC heap before
{Heap before GC invocations=1 (full 0):
 garbage-first heap   total 260096K, used 104819K [0x00000000a0000000, 0x0000000100000000)
  region size 1024K, 96 young (98304K), 3 survivors (3072K)
 Metaspace       used 20547K, capacity 21089K, committed 21248K, reserved 1067008K
  class space    used 2493K, capacity 2700K, committed 2816K, reserved 1048576K
}
Event: 1.425 GC heap after
{Heap after GC invocations=2 (full 0):
 garbage-first heap   total 260096K, used 16387K [0x00000000a0000000, 0x0000000100000000)
  region size 1024K, 10 young (10240K), 10 survivors (10240K)
 Metaspace       used 20547K, capacity 21089K, committed 21248K, reserved 1067008K
  class space    used 2493K, capacity 2700K, committed 2816K, reserved 1048576K
}
Event: 1.606 GC heap before
{Heap before GC invocations=3 (full 0):
 garbage-first heap   total 260096K, used 47107K [0x00000000a0000000, 0x0000000100000000)
  region size 1024K, 40 young (40960K), 10 survivors (10240K)
 Metaspace       used 23423K, capacity 24012K, committed 24192K, reserved 1071104K
  class space    used 2967K, capacity 3167K, committed 3200K, reserved 1048576K
}
Event: 1.609 GC heap after
{Heap after GC invocations=4 (full 0):
 garbage-first heap   total 260096K, used 17661K [0x00000000a0000000, 0x0000000100000000)
  region size 1024K, 2 young (2048K), 2 survivors (2048K)
 Metaspace       used 23423K, capacity 24012K, committed 24192K, reserved 1071104K
  class space    used 2967K, capacity 3167K, committed 3200K, reserved 1048576K
}
Event: 2.229 GC heap before
{Heap before GC invocations=4 (full 0):
 garbage-first heap   total 260096K, used 104701K [0x00000000a0000000, 0x0000000100000000)
  region size 1024K, 83 young (84992K), 2 survivors (2048K)
 Metaspace       used 34705K, capacity 35659K, committed 35840K, reserved 1081344K
  class space    used 4518K, capacity 4852K, committed 4864K, reserved 1048576K
}
Event: 2.233 GC heap after
{Heap after GC invocations=5 (full 0):
 garbage-first heap   total 260096K, used 27637K [0x00000000a0000000, 0x0000000100000000)
  region size 1024K, 6 young (6144K), 6 survivors (6144K)
 Metaspace       used 34705K, capacity 35659K, committed 35840K, reserved 1081344K
  class space    used 4518K, capacity 4852K, committed 4864K, reserved 1048576K
}

Deoptimization events (20 events):
Event: 2.587 Thread 0x0000025925dd4000 Uncommon trap: trap_request=0xffffff4d fr.pc=0x0000025914857684 relative=0x00000000000001c4
Event: 2.587 Thread 0x0000025925dd4000 Uncommon trap: reason=unstable_if action=reinterpret pc=0x0000025914857684 method=java.util.HashMap.getNode(ILjava/lang/Object;)Ljava/util/HashMap$Node; @ 53 c2
Event: 2.587 Thread 0x0000025925dd4000 DEOPT PACKING pc=0x0000025914857684 sp=0x000000cee8cf8ec0
Event: 2.587 Thread 0x0000025925dd4000 DEOPT UNPACKING pc=0x000002590cc883af sp=0x000000cee8cf8e48 mode 2
Event: 2.587 Thread 0x0000025925dd4000 Uncommon trap: trap_request=0xffffff4d fr.pc=0x00000259148cdc28 relative=0x0000000000000728
Event: 2.587 Thread 0x0000025925dd4000 Uncommon trap: reason=unstable_if action=reinterpret pc=0x00000259148cdc28 method=java.util.HashMap.putVal(ILjava/lang/Object;Ljava/lang/Object;ZZ)Ljava/lang/Object; @ 85 c2
Event: 2.587 Thread 0x0000025925dd4000 DEOPT PACKING pc=0x00000259148cdc28 sp=0x000000cee8cf8ef0
Event: 2.587 Thread 0x0000025925dd4000 DEOPT UNPACKING pc=0x000002590cc883af sp=0x000000cee8cf8e20 mode 2
Event: 2.589 Thread 0x0000025925dd4000 Uncommon trap: trap_request=0xffffff4d fr.pc=0x000002591489e968 relative=0x0000000000000308
Event: 2.589 Thread 0x0000025925dd4000 Uncommon trap: reason=unstable_if action=reinterpret pc=0x000002591489e968 method=org.gradle.internal.reflect.PropertyAccessorType.isGetGetterName(Ljava/lang/String;)Z @ 14 c2
Event: 2.589 Thread 0x0000025925dd4000 DEOPT PACKING pc=0x000002591489e968 sp=0x000000cee8cf97f0
Event: 2.589 Thread 0x0000025925dd4000 DEOPT UNPACKING pc=0x000002590cc883af sp=0x000000cee8cf9748 mode 2
Event: 2.600 Thread 0x0000025925dd4000 Uncommon trap: trap_request=0xffffff4d fr.pc=0x000002591489dd08 relative=0x00000000000000e8
Event: 2.600 Thread 0x0000025925dd4000 Uncommon trap: reason=unstable_if action=reinterpret pc=0x000002591489dd08 method=org.objectweb.asm.ByteVector.putShort(I)Lorg/objectweb/asm/ByteVector; @ 13 c2
Event: 2.600 Thread 0x0000025925dd4000 DEOPT PACKING pc=0x000002591489dd08 sp=0x000000cee8cf93b0
Event: 2.600 Thread 0x0000025925dd4000 DEOPT UNPACKING pc=0x000002590cc883af sp=0x000000cee8cf9348 mode 2
Event: 2.658 Thread 0x0000025925dd4000 Uncommon trap: trap_request=0xffffffde fr.pc=0x00000259148d5adc relative=0x00000000000002fc
Event: 2.658 Thread 0x0000025925dd4000 Uncommon trap: reason=class_check action=maybe_recompile pc=0x00000259148d5adc method=java.util.regex.Pattern$Start.match(Ljava/util/regex/Matcher;ILjava/lang/CharSequence;)Z @ 44 c2
Event: 2.658 Thread 0x0000025925dd4000 DEOPT PACKING pc=0x00000259148d5adc sp=0x000000cee8cf7780
Event: 2.658 Thread 0x0000025925dd4000 DEOPT UNPACKING pc=0x000002590cc883af sp=0x000000cee8cf7740 mode 2

Classes redefined (0 events):
No events

Internal exceptions (20 events):
Event: 2.457 Thread 0x0000025925dd4000 Exception <a 'java/lang/ClassNotFoundException'{0x00000000ad975800}: org/gradle/initialization/DefaultSettings_DecoratedCustomizer> (0x00000000ad975800) thrown at [./src/hotspot/share/classfile/systemDictionary.cpp, line 231]
Event: 2.466 Thread 0x0000025925dd4000 Exception <a 'java/lang/NoSuchMethodError'{0x00000000ad87ecd8}: 'int java.lang.invoke.DirectMethodHandle$Holder.invokeVirtual(java.lang.Object, java.lang.Object)'> (0x00000000ad87ecd8) thrown at [./src/hotspot/share/interpreter/linkResolver.cpp, line 773]
Event: 2.469 Thread 0x0000025925dd4000 Implicit null exception at 0x00000259148a926f to 0x00000259148a9318
Event: 2.587 Thread 0x0000025925dd4000 Implicit null exception at 0x0000025914839174 to 0x000002591483938c
Event: 2.653 Thread 0x0000025925dd4000 Exception <a 'java/lang/ClassNotFoundException'{0x00000000abbadac0}: build_dpa9nnm6grqd4hitl08eb4udeBeanInfo> (0x00000000abbadac0) thrown at [./src/hotspot/share/classfile/systemDictionary.cpp, line 231]
Event: 2.653 Thread 0x0000025925dd4000 Exception <a 'java/lang/ClassNotFoundException'{0x00000000abbc3b58}: org/gradle/api/internal/project/ProjectScriptBeanInfo> (0x00000000abbc3b58) thrown at [./src/hotspot/share/classfile/systemDictionary.cpp, line 231]
Event: 2.653 Thread 0x0000025925dd4000 Exception <a 'java/lang/ClassNotFoundException'{0x00000000abbd9b70}: org/gradle/api/internal/project/ProjectScriptCustomizer> (0x00000000abbd9b70) thrown at [./src/hotspot/share/classfile/systemDictionary.cpp, line 231]
Event: 2.654 Thread 0x0000025925dd4000 Exception <a 'java/lang/ClassNotFoundException'{0x00000000abbf4d60}: build_dpa9nnm6grqd4hitl08eb4udeCustomizer> (0x00000000abbf4d60) thrown at [./src/hotspot/share/classfile/systemDictionary.cpp, line 231]
Event: 2.657 Thread 0x0000025925dd4000 Exception <a 'java/lang/ClassNotFoundException'{0x00000000aba644c8}: groovy/lang/Closure$1BeanInfo> (0x00000000aba644c8) thrown at [./src/hotspot/share/classfile/systemDictionary.cpp, line 231]
Event: 2.658 Thread 0x0000025925dd4000 Exception <a 'java/lang/ClassNotFoundException'{0x00000000aba96b28}: groovy/lang/ClosureBeanInfo> (0x00000000aba96b28) thrown at [./src/hotspot/share/classfile/systemDictionary.cpp, line 231]
Event: 2.658 Thread 0x0000025925dd4000 Exception <a 'java/lang/ClassNotFoundException'{0x00000000abac9060}: groovy/lang/ClosureCustomizer> (0x00000000abac9060) thrown at [./src/hotspot/share/classfile/systemDictionary.cpp, line 231]
Event: 2.660 Thread 0x0000025925dd4000 Exception <a 'java/lang/ClassNotFoundException'{0x00000000ab91e1a0}: groovy/lang/Closure$1Customizer> (0x00000000ab91e1a0) thrown at [./src/hotspot/share/classfile/systemDictionary.cpp, line 231]
Event: 2.683 Thread 0x0000025925dd4000 Exception <a 'java/lang/ClassNotFoundException'{0x00000000ab727288}: org/gradle/internal/metaobject/ConfigureDelegateBeanInfo> (0x00000000ab727288) thrown at [./src/hotspot/share/classfile/systemDictionary.cpp, line 231]
Event: 2.683 Thread 0x0000025925dd4000 Exception <a 'java/lang/ClassNotFoundException'{0x00000000ab74c2c8}: org/gradle/internal/metaobject/ConfigureDelegateCustomizer> (0x00000000ab74c2c8) thrown at [./src/hotspot/share/classfile/systemDictionary.cpp, line 231]
Event: 2.686 Thread 0x0000025925dd4000 Exception <a 'java/lang/ClassNotFoundException'{0x00000000ab7a0990}: org/gradle/api/internal/initialization/DefaultScriptHandlerBeanInfo> (0x00000000ab7a0990) thrown at [./src/hotspot/share/classfile/systemDictionary.cpp, line 231]
Event: 2.687 Thread 0x0000025925dd4000 Exception <a 'java/lang/ClassNotFoundException'{0x00000000ab7c9948}: org/gradle/api/internal/initialization/DefaultScriptHandlerCustomizer> (0x00000000ab7c9948) thrown at [./src/hotspot/share/classfile/systemDictionary.cpp, line 231]
Event: 2.690 Thread 0x0000025925dd4000 Exception <a 'java/lang/ClassNotFoundException'{0x00000000ab698370}: org/gradle/api/internal/project/DefaultProject_DecoratedBeanInfo> (0x00000000ab698370) thrown at [./src/hotspot/share/classfile/systemDictionary.cpp, line 231]
Event: 2.691 Thread 0x0000025925dd4000 Exception <a 'java/lang/ClassNotFoundException'{0x00000000ab6bdfe0}: org/gradle/api/internal/project/DefaultProjectBeanInfo> (0x00000000ab6bdfe0) thrown at [./src/hotspot/share/classfile/systemDictionary.cpp, line 231]
Event: 2.691 Thread 0x0000025925dd4000 Exception <a 'java/lang/ClassNotFoundException'{0x00000000ab6e3ff0}: org/gradle/api/internal/project/DefaultProjectCustomizer> (0x00000000ab6e3ff0) thrown at [./src/hotspot/share/classfile/systemDictionary.cpp, line 231]
Event: 2.694 Thread 0x0000025925dd4000 Exception <a 'java/lang/ClassNotFoundException'{0x00000000ab596b50}: org/gradle/api/internal/project/DefaultProject_DecoratedCustomizer> (0x00000000ab596b50) thrown at [./src/hotspot/share/classfile/systemDictionary.cpp, line 231]

Events (20 events):
Event: 2.694 loading class org/gradle/api/internal/project/DefaultProject_DecoratedCustomizer
Event: 2.694 loading class org/gradle/api/internal/project/DefaultProject_DecoratedCustomizer done
Event: 2.695 loading class org/xml/sax/Locator
Event: 2.696 loading class org/xml/sax/Locator done
Event: 2.696 loading class org/xml/sax/SAXParseException
Event: 2.696 loading class org/xml/sax/SAXException
Event: 2.696 loading class org/xml/sax/SAXException done
Event: 2.696 loading class org/xml/sax/SAXParseException done
Event: 2.696 loading class org/apache/tools/ant/BuildLogger
Event: 2.696 loading class org/apache/tools/ant/BuildLogger done
Event: 2.696 loading class org/apache/tools/ant/BuildListener
Event: 2.696 loading class org/apache/tools/ant/BuildListener done
Event: 2.696 loading class org/apache/tools/ant/DemuxInputStream
Event: 2.696 loading class org/apache/tools/ant/DemuxInputStream done
Event: 2.696 loading class org/apache/tools/ant/DemuxOutputStream
Event: 2.696 loading class org/apache/tools/ant/DemuxOutputStream done
Event: 2.696 loading class org/xml/sax/Attributes
Event: 2.697 loading class org/xml/sax/Attributes done
Event: 2.697 loading class org/gradle/api/AntBuilder$AntMessagePriority
Event: 2.697 loading class org/gradle/api/AntBuilder$AntMessagePriority done


Dynamic libraries:
0x00007ff781180000 - 0x00007ff78118a000 	D:\android_studio\ide\jre\bin\java.exe
0x00007ffe807b0000 - 0x00007ffe809a5000 	C:\Windows\SYSTEM32\ntdll.dll
0x00007ffe7fe00000 - 0x00007ffe7febe000 	C:\Windows\System32\KERNEL32.DLL
0x00007ffe7e1f0000 - 0x00007ffe7e4b8000 	C:\Windows\System32\KERNELBASE.dll
0x00007ffe7e6c0000 - 0x00007ffe7e7c0000 	C:\Windows\System32\ucrtbase.dll
0x00007ffe63730000 - 0x00007ffe63747000 	D:\android_studio\ide\jre\bin\VCRUNTIME140.dll
0x00007ffe6ea80000 - 0x00007ffe6ea99000 	D:\android_studio\ide\jre\bin\jli.dll
0x00007ffe7f590000 - 0x00007ffe7f730000 	C:\Windows\System32\USER32.dll
0x00007ffe7e110000 - 0x00007ffe7e132000 	C:\Windows\System32\win32u.dll
0x00007ffe7fc10000 - 0x00007ffe7fc3a000 	C:\Windows\System32\GDI32.dll
0x00007ffe6eff0000 - 0x00007ffe6f28a000 	C:\Windows\WinSxS\amd64_microsoft.windows.common-controls_6595b64144ccf1df_6.0.19041.1110_none_60b5254171f9507e\COMCTL32.dll
0x00007ffe7df40000 - 0x00007ffe7e04b000 	C:\Windows\System32\gdi32full.dll
0x00007ffe7f730000 - 0x00007ffe7f7ce000 	C:\Windows\System32\msvcrt.dll
0x00007ffe7e4c0000 - 0x00007ffe7e55d000 	C:\Windows\System32\msvcp_win.dll
0x00007ffe80330000 - 0x00007ffe80360000 	C:\Windows\System32\IMM32.DLL
0x000000005b770000 - 0x000000005b77a000 	C:\Program Files (x86)\360\360Safe\safemon\SafeWrapper.dll
0x00007ffe7fc40000 - 0x00007ffe7fcee000 	C:\Windows\System32\ADVAPI32.dll
0x00007ffe7f4f0000 - 0x00007ffe7f58c000 	C:\Windows\System32\sechost.dll
0x00007ffe7f830000 - 0x00007ffe7f955000 	C:\Windows\System32\RPCRT4.dll
0x00007ffe65100000 - 0x00007ffe65192000 	C:\Program Files (x86)\360\360Safe\safemon\libzdtp64.dll
0x00007ffe7ea20000 - 0x00007ffe7f164000 	C:\Windows\System32\SHELL32.dll
0x00007ffe7fcf0000 - 0x00007ffe7fd45000 	C:\Windows\System32\SHLWAPI.dll
0x00007ffe7da60000 - 0x00007ffe7da6a000 	C:\Windows\SYSTEM32\VERSION.dll
0x00007ffe551d0000 - 0x00007ffe5526d000 	D:\android_studio\ide\jre\bin\msvcp140.dll
0x00007ffe245d0000 - 0x00007ffe250a5000 	D:\android_studio\ide\jre\bin\server\jvm.dll
0x00007ffe7fc00000 - 0x00007ffe7fc08000 	C:\Windows\System32\PSAPI.DLL
0x00007ffe75a10000 - 0x00007ffe75a37000 	C:\Windows\SYSTEM32\WINMM.dll
0x00007ffe5c7a0000 - 0x00007ffe5c7a9000 	C:\Windows\SYSTEM32\WSOCK32.dll
0x00007ffe7fa70000 - 0x00007ffe7fadb000 	C:\Windows\System32\WS2_32.dll
0x00007ffe7bda0000 - 0x00007ffe7bdb2000 	C:\Windows\SYSTEM32\kernel.appcore.dll
0x00007ffe77e30000 - 0x00007ffe77e41000 	D:\android_studio\ide\jre\bin\verify.dll
0x00007ffe73c70000 - 0x00007ffe73e54000 	C:\Windows\SYSTEM32\DBGHELP.DLL
0x00007ffe6cef0000 - 0x00007ffe6cf1c000 	C:\Windows\SYSTEM32\dbgcore.DLL
0x00007ffe7e080000 - 0x00007ffe7e102000 	C:\Windows\System32\bcryptPrimitives.dll
0x00007ffe6eb40000 - 0x00007ffe6eb69000 	D:\android_studio\ide\jre\bin\java.dll
0x00007ffe77e20000 - 0x00007ffe77e2b000 	D:\android_studio\ide\jre\bin\jimage.dll
0x00007ffe66ff0000 - 0x00007ffe67008000 	D:\android_studio\ide\jre\bin\zip.dll
0x00007ffe7bfa0000 - 0x00007ffe7c734000 	C:\Windows\SYSTEM32\windows.storage.dll
0x00007ffe80360000 - 0x00007ffe806b4000 	C:\Windows\System32\combase.dll
0x00007ffe7d8d0000 - 0x00007ffe7d8fc000 	C:\Windows\SYSTEM32\Wldp.dll
0x00007ffe7fd50000 - 0x00007ffe7fdfd000 	C:\Windows\System32\SHCORE.dll
0x00007ffe7de10000 - 0x00007ffe7de2f000 	C:\Windows\SYSTEM32\profapi.dll
0x00007ffe63f90000 - 0x00007ffe63faa000 	D:\android_studio\ide\jre\bin\net.dll
0x00007ffe77a00000 - 0x00007ffe77b0a000 	C:\Windows\SYSTEM32\WINHTTP.dll
0x00007ffe7d630000 - 0x00007ffe7d69a000 	C:\Windows\system32\mswsock.dll
0x00007ffe63cd0000 - 0x00007ffe63ce4000 	D:\android_studio\ide\jre\bin\nio.dll
0x00007ffe792c0000 - 0x00007ffe792e7000 	C:\Users\likun\.gradle\native\8bec1ad78214c89d9ad589b4d07fe93259594b29d510b10fafb7a158f7737e5d\windows-amd64\native-platform.dll
0x00007ffe60fa0000 - 0x00007ffe610dd000 	C:\Users\likun\.gradle\native\53dbd7edfb1c66fb8903c78663c9afc45aea4f116125fa6feffd364cf09443e8\windows-amd64\native-platform-file-events.dll
0x00007ffe77e10000 - 0x00007ffe77e1a000 	D:\android_studio\ide\jre\bin\management.dll
0x00007ffe6ebe0000 - 0x00007ffe6ebed000 	D:\android_studio\ide\jre\bin\management_ext.dll
0x00007ffe7d820000 - 0x00007ffe7d838000 	C:\Windows\SYSTEM32\CRYPTSP.dll
0x00007ffe7cf40000 - 0x00007ffe7cf74000 	C:\Windows\system32\rsaenh.dll
0x00007ffe7e050000 - 0x00007ffe7e077000 	C:\Windows\System32\bcrypt.dll
0x00007ffe7dd90000 - 0x00007ffe7ddbe000 	C:\Windows\SYSTEM32\USERENV.dll
0x00007ffe7d840000 - 0x00007ffe7d84c000 	C:\Windows\SYSTEM32\CRYPTBASE.dll
0x00007ffe7d2d0000 - 0x00007ffe7d30b000 	C:\Windows\SYSTEM32\IPHLPAPI.DLL
0x00007ffe7f1d0000 - 0x00007ffe7f1d8000 	C:\Windows\System32\NSI.dll
0x00007ffe78b50000 - 0x00007ffe78b67000 	C:\Windows\SYSTEM32\dhcpcsvc6.DLL
0x00007ffe78b30000 - 0x00007ffe78b4d000 	C:\Windows\SYSTEM32\dhcpcsvc.DLL
0x00007ffe7d310000 - 0x00007ffe7d3db000 	C:\Windows\SYSTEM32\DNSAPI.dll

dbghelp: loaded successfully - version: 4.0.5 - missing functions: none
symbol engine: initialized successfully - sym options: 0x614 - pdb path: .;D:\android_studio\ide\jre\bin;C:\Windows\SYSTEM32;C:\Windows\WinSxS\amd64_microsoft.windows.common-controls_6595b64144ccf1df_6.0.19041.1110_none_60b5254171f9507e;C:\Program Files (x86)\360\360Safe\safemon;D:\android_studio\ide\jre\bin\server;C:\Users\likun\.gradle\native\8bec1ad78214c89d9ad589b4d07fe93259594b29d510b10fafb7a158f7737e5d\windows-amd64;C:\Users\likun\.gradle\native\53dbd7edfb1c66fb8903c78663c9afc45aea4f116125fa6feffd364cf09443e8\windows-amd64

VM Arguments:
jvm_args: --add-opens=java.base/java.util=ALL-UNNAMED --add-opens=java.base/java.lang=ALL-UNNAMED --add-opens=java.base/java.lang.invoke=ALL-UNNAMED --add-opens=java.base/java.util=ALL-UNNAMED --add-opens=java.prefs/java.util.prefs=ALL-UNNAMED --add-opens=java.prefs/java.util.prefs=ALL-UNNAMED --add-opens=java.base/java.nio.charset=ALL-UNNAMED --add-opens=java.base/java.net=ALL-UNNAMED --add-opens=java.base/java.util.concurrent.atomic=ALL-UNNAMED -Xmx1536m -Dfile.encoding=UTF-8 -Duser.country=CN -Duser.language=zh -Duser.variant 
java_command: org.gradle.launcher.daemon.bootstrap.GradleDaemon 7.0.2
java_class_path (initial): C:\Users\likun\.gradle\wrapper\dists\gradle-7.0.2-bin\857tjihv64xamwrf0h14cai3r\gradle-7.0.2\lib\gradle-launcher-7.0.2.jar
Launcher Type: SUN_STANDARD

[Global flags]
     intx CICompilerCount                          = 4                                         {product} {ergonomic}
     uint ConcGCThreads                            = 3                                         {product} {ergonomic}
     uint G1ConcRefinementThreads                  = 10                                        {product} {ergonomic}
   size_t G1HeapRegionSize                         = 1048576                                   {product} {ergonomic}
    uintx GCDrainStackTargetSize                   = 64                                        {product} {ergonomic}
   size_t InitialHeapSize                          = 266338304                                 {product} {ergonomic}
   size_t MarkStackSize                            = 4194304                                   {product} {ergonomic}
   size_t MaxHeapSize                              = 1610612736                                {product} {command line}
   size_t MaxNewSize                               = 965738496                                 {product} {ergonomic}
   size_t MinHeapDeltaBytes                        = 1048576                                   {product} {ergonomic}
    uintx NonNMethodCodeHeapSize                   = 5836300                                {pd product} {ergonomic}
    uintx NonProfiledCodeHeapSize                  = 122910970                              {pd product} {ergonomic}
    uintx ProfiledCodeHeapSize                     = 122910970                              {pd product} {ergonomic}
    uintx ReservedCodeCacheSize                    = 251658240                              {pd product} {ergonomic}
     bool SegmentedCodeCache                       = true                                      {product} {ergonomic}
     bool UseCompressedClassPointers               = true                                 {lp64_product} {ergonomic}
     bool UseCompressedOops                        = true                                 {lp64_product} {ergonomic}
     bool UseG1GC                                  = true                                      {product} {ergonomic}
     bool UseLargePagesIndividualAllocation        = false                                  {pd product} {ergonomic}

Logging:
Log output configuration:
 #0: stdout all=warning uptime,level,tags
 #1: stderr all=off uptime,level,tags

Environment Variables:
JAVA_HOME=D:\Program Files\Java\jdk1.8.0_171
PATH=D:\Program Files\ImageMagick-7.0.1-Q16;C:\Windows\system32;C:\Windows;C:\Windows\System32\Wbem;C:\Windows\System32\WindowsPowerShell\v1.0\;C:\Windows\System32\OpenSSH\;D:\Program Files\TortoiseSVN\bin;D:\Program Files (x86)\nginx 1.7.11.3 Gryphon;D:\Program Files (x86)\nginx-1.18.0;D:\Program Files (x86)\nodejs\node-v14.15.3-win-x64;D:\Program Files\Git\cmd;D:\Program Files (x86)\XShell7\Xshell 7\;D:\Program Files (x86)\XShell7\Xftp 7\;D:\Program Files (x86)\apache-tomcat-8.5.65\bin;D:\Program Files\Java\jdk1.8.0_171\bin;C:\Program Files\python;C:\Program Files\python\Scripts;D:\soft\BtSoft\panel\script;D:\Program Files\ffmpeg\ffmpeg-n4.4.1-2-gcc33e73618-win64-lgpl-4.4\bin;;C:\Program Files (x86)\NVIDIA Corporation\PhysX\Common;C:\Program Files\NVIDIA Corporation\NVIDIA NvDLISR;C:\Users\likun\AppData\Local\Programs\Python\Python37\Scripts\;C:\Users\likun\AppData\Local\Programs\Python\Python37\;C:\Users\likun\AppData\Local\Microsoft\WindowsApps;;D:\vscode\bin
USERNAME=likun
OS=Windows_NT
PROCESSOR_IDENTIFIER=Intel64 Family 6 Model 167 Stepping 1, GenuineIntel



---------------  S Y S T E M  ---------------

OS: Windows 10 , 64 bit Build 19041 (10.0.19041.1645)
OS uptime: 0 days 0:30 hours

CPU:total 12 (initial active 12) (6 cores per cpu, 2 threads per core) family 6 model 167 stepping 1 microcode 0x3c, cmov, cx8, fxsr, mmx, sse, sse2, sse3, ssse3, sse4.1, sse4.2, popcnt, avx, avx2, aes, clmul, erms, 3dnowpref, lzcnt, ht, tsc, tscinvbit, bmi1, bmi2, adx, evex, sha, fma

Memory: 4k page, system-wide physical 16216M (5133M free)
TotalPageFile size 35672M (AvailPageFile size 21402M)
current process WorkingSet (physical memory assigned to process): 303M, peak: 307M
current process commit charge ("private bytes"): 466M, peak: 470M

vm_info: OpenJDK 64-Bit Server VM (11.0.11+9-b60-7590822) for windows-amd64 JRE (11.0.11+9-b60-7590822), built on Jul 29 2021 21:43:44 by "builder" with MS VC++ 14.0 (VS2015)

END.
